[INFO] Scanning for projects...
[INFO] 
[INFO] -----------------------< edu.ucsb.cs156:example >-----------------------
[INFO] Building example 1.1.0
[INFO]   from pom.xml
[INFO] --------------------------------[ jar ]---------------------------------
[INFO] 
[INFO] --- jacoco:0.8.10:prepare-agent (default) @ example ---
[INFO] argLine set to -javaagent:C:\\Users\\andre\\.m2\\repository\\org\\jacoco\\org.jacoco.agent\\0.8.10\\org.jacoco.agent-0.8.10-runtime.jar=destfile=C:\\Users\\andre\\Downloads\\research\\jpa03-integration\\target\\jacoco.exec,excludes=**/edu/ucsb/cs156/example/aop/LoggingAspect.*:**/edu/ucsb/cs156/example/config/*:**/edu/ucsb/cs156/example/controllers/FrontendController.*:**/edu/ucsb/cs156/example/controllers/FrontendProxyController.*:**/edu/ucsb/cs156/example/services/CurrentUserServiceImpl.*:**/edu/ucsb/cs156/example/ExampleApplication.*
[INFO] 
[INFO] --- resources:3.2.0:resources (default-resources) @ example ---
[INFO] Using 'UTF-8' encoding to copy filtered resources.
[INFO] Using 'UTF-8' encoding to copy filtered properties files.
[INFO] Copying 3 resources
[INFO] Copying 1 resource
[INFO] 
[INFO] --- compiler:3.8.1:compile (default-compile) @ example ---
[INFO] Nothing to compile - all classes are up to date
[INFO] 
[INFO] --- resources:3.2.0:testResources (default-testResources) @ example ---
[INFO] Using 'UTF-8' encoding to copy filtered resources.
[INFO] Using 'UTF-8' encoding to copy filtered properties files.
[INFO] Copying 1 resource
[INFO] 
[INFO] --- compiler:3.8.1:testCompile (default-testCompile) @ example ---
[INFO] Changes detected - recompiling the module!
[INFO] Compiling 15 source files to C:\Users\andre\Downloads\research\jpa03-integration\target\test-classes
[INFO] /C:/Users/andre/Downloads/research/jpa03-integration/src/test/java/edu/ucsb/cs156/example/CaptureStateTransformer.java: C:\Users\andre\Downloads\research\jpa03-integration\src\test\java\edu\ucsb\cs156\example\CaptureStateTransformer.java uses or overrides a deprecated API.
[INFO] /C:/Users/andre/Downloads/research/jpa03-integration/src/test/java/edu/ucsb/cs156/example/CaptureStateTransformer.java: Recompile with -Xlint:deprecation for details.
[INFO] /C:/Users/andre/Downloads/research/jpa03-integration/src/test/java/edu/ucsb/cs156/example/ControllerTestCase.java: Some input files use unchecked or unsafe operations.
[INFO] /C:/Users/andre/Downloads/research/jpa03-integration/src/test/java/edu/ucsb/cs156/example/ControllerTestCase.java: Recompile with -Xlint:unchecked for details.
[INFO] 
[INFO] --- surefire:2.22.2:test (default-test) @ example ---
[INFO] 
[INFO] -------------------------------------------------------
[INFO]  T E S T S
[INFO] -------------------------------------------------------
[INFO] Running edu.ucsb.cs156.example.controllers.CSRFControllerTests
12:47:31.539 [main] DEBUG org.springframework.test.context.BootstrapUtils - Instantiating CacheAwareContextLoaderDelegate from class [org.springframework.test.context.cache.DefaultCacheAwareContextLoaderDelegate]
12:47:31.557 [main] DEBUG org.springframework.test.context.BootstrapUtils - Instantiating BootstrapContext using constructor [public org.springframework.test.context.support.DefaultBootstrapContext(java.lang.Class,org.springframework.test.context.CacheAwareContextLoaderDelegate)]
12:47:31.627 [main] DEBUG org.springframework.test.context.BootstrapUtils - Instantiating TestContextBootstrapper for test class [edu.ucsb.cs156.example.controllers.CSRFControllerTests] from class [org.springframework.boot.test.autoconfigure.web.servlet.WebMvcTestContextBootstrapper]
12:47:31.642 [main] INFO org.springframework.boot.test.autoconfigure.web.servlet.WebMvcTestContextBootstrapper - Neither @ContextConfiguration nor @ContextHierarchy found for test class [edu.ucsb.cs156.example.controllers.CSRFControllerTests], using SpringBootContextLoader
12:47:31.647 [main] DEBUG org.springframework.test.context.support.AbstractContextLoader - Did not detect default resource location for test class [edu.ucsb.cs156.example.controllers.CSRFControllerTests]: class path resource [edu/ucsb/cs156/example/controllers/CSRFControllerTests-context.xml] does not exist
12:47:31.647 [main] DEBUG org.springframework.test.context.support.AbstractContextLoader - Did not detect default resource location for test class [edu.ucsb.cs156.example.controllers.CSRFControllerTests]: class path resource [edu/ucsb/cs156/example/controllers/CSRFControllerTestsContext.groovy] does not exist
12:47:31.647 [main] INFO org.springframework.test.context.support.AbstractContextLoader - Could not detect default resource locations for test class [edu.ucsb.cs156.example.controllers.CSRFControllerTests]: no resource found for suffixes {-context.xml, Context.groovy}.
12:47:31.648 [main] INFO org.springframework.test.context.support.AnnotationConfigContextLoaderUtils - Could not detect default configuration classes for test class [edu.ucsb.cs156.example.controllers.CSRFControllerTests]: CSRFControllerTests does not declare any static, non-private, non-final, nested classes annotated with @Configuration.
12:47:31.887 [main] DEBUG org.springframework.context.annotation.ClassPathScanningCandidateComponentProvider - Identified candidate component class: file [C:\Users\andre\Downloads\research\jpa03-integration\target\classes\edu\ucsb\cs156\example\ExampleApplication.class]
12:47:31.888 [main] INFO org.springframework.boot.test.context.SpringBootTestContextBootstrapper - Found @SpringBootConfiguration edu.ucsb.cs156.example.ExampleApplication for test class edu.ucsb.cs156.example.controllers.CSRFControllerTests
12:47:31.892 [main] DEBUG org.springframework.boot.test.autoconfigure.web.servlet.WebMvcTestContextBootstrapper - @TestExecutionListeners is not present for class [edu.ucsb.cs156.example.controllers.CSRFControllerTests]: using defaults.
12:47:31.892 [main] INFO org.springframework.boot.test.autoconfigure.web.servlet.WebMvcTestContextBootstrapper - Loaded default TestExecutionListener class names from location [META-INF/spring.factories]: [org.springframework.boot.test.mock.mockito.MockitoTestExecutionListener, org.springframework.boot.test.mock.mockito.ResetMocksTestExecutionListener, org.springframework.boot.test.autoconfigure.restdocs.RestDocsTestExecutionListener, org.springframework.boot.test.autoconfigure.web.client.MockRestServiceServerResetTestExecutionListener, org.springframework.boot.test.autoconfigure.web.servlet.MockMvcPrintOnlyOnFailureTestExecutionListener, org.springframework.boot.test.autoconfigure.web.servlet.WebDriverTestExecutionListener, org.springframework.boot.test.autoconfigure.webservices.client.MockWebServiceServerTestExecutionListener, org.springframework.test.context.web.ServletTestExecutionListener, org.springframework.test.context.support.DirtiesContextBeforeModesTestExecutionListener, org.springframework.test.context.event.ApplicationEventsTestExecutionListener, org.springframework.test.context.support.DependencyInjectionTestExecutionListener, org.springframework.test.context.support.DirtiesContextTestExecutionListener, org.springframework.test.context.transaction.TransactionalTestExecutionListener, org.springframework.test.context.jdbc.SqlScriptsTestExecutionListener, org.springframework.test.context.event.EventPublishingTestExecutionListener, org.springframework.security.test.context.support.WithSecurityContextTestExecutionListener, org.springframework.security.test.context.support.ReactorContextTestExecutionListener]
12:47:31.915 [main] INFO org.springframework.boot.test.autoconfigure.web.servlet.WebMvcTestContextBootstrapper - Using TestExecutionListeners: [org.springframework.test.context.web.ServletTestExecutionListener@23f3dbf0, org.springframework.test.context.support.DirtiesContextBeforeModesTestExecutionListener@31d6f3fe, org.springframework.test.context.event.ApplicationEventsTestExecutionListener@760cf594, org.springframework.boot.test.mock.mockito.MockitoTestExecutionListener@aa149ed, org.springframework.boot.test.autoconfigure.SpringBootDependencyInjectionTestExecutionListener@37303f12, org.springframework.test.context.support.DirtiesContextTestExecutionListener@31ff6309, org.springframework.test.context.transaction.TransactionalTestExecutionListener@204e90f7, org.springframework.test.context.jdbc.SqlScriptsTestExecutionListener@20a05b32, org.springframework.test.context.event.EventPublishingTestExecutionListener@165e389b, org.springframework.security.test.context.support.WithSecurityContextTestExecutionListener@5c73f672, org.springframework.security.test.context.support.ReactorContextTestExecutionListener@8ee0c23, org.springframework.boot.test.mock.mockito.ResetMocksTestExecutionListener@2ab5afc7, org.springframework.boot.test.autoconfigure.restdocs.RestDocsTestExecutionListener@4dc8c0ea, org.springframework.boot.test.autoconfigure.web.client.MockRestServiceServerResetTestExecutionListener@e4b6f47, org.springframework.boot.test.autoconfigure.web.servlet.MockMvcPrintOnlyOnFailureTestExecutionListener@763cf5b9, org.springframework.boot.test.autoconfigure.web.servlet.WebDriverTestExecutionListener@71f0b72e, org.springframework.boot.test.autoconfigure.webservices.client.MockWebServiceServerTestExecutionListener@7a34f66a]
12:47:31.920 [main] DEBUG org.springframework.test.context.support.AbstractDirtiesContextTestExecutionListener - Before test class: context [DefaultTestContext@5fac521d testClass = CSRFControllerTests, testInstance = [null], testMethod = [null], testException = [null], mergedContextConfiguration = [WebMergedContextConfiguration@38af1bf6 testClass = CSRFControllerTests, locations = '{}', classes = '{class edu.ucsb.cs156.example.ExampleApplication}', contextInitializerClasses = '[]', activeProfiles = '{test, development}', propertySourceLocations = '{}', propertySourceProperties = '{org.springframework.boot.test.autoconfigure.web.servlet.WebMvcTestContextBootstrapper=true}', contextCustomizers = set[[ImportsContextCustomizer@129bd55d key = [org.springframework.boot.autoconfigure.cache.CacheAutoConfiguration, org.springframework.cloud.gateway.mvc.config.ProxyResponseAutoConfiguration, org.springframework.boot.autoconfigure.context.MessageSourceAutoConfiguration, org.springframework.boot.autoconfigure.data.web.SpringDataWebAutoConfiguration, org.springframework.boot.autoconfigure.freemarker.FreeMarkerAutoConfiguration, org.springframework.boot.autoconfigure.groovy.template.GroovyTemplateAutoConfiguration, org.springframework.boot.autoconfigure.gson.GsonAutoConfiguration, org.springframework.boot.autoconfigure.hateoas.HypermediaAutoConfiguration, org.springframework.boot.autoconfigure.http.HttpMessageConvertersAutoConfiguration, org.springframework.boot.autoconfigure.jackson.JacksonAutoConfiguration, org.springframework.boot.autoconfigure.jsonb.JsonbAutoConfiguration, org.springframework.boot.autoconfigure.mustache.MustacheAutoConfiguration, org.springframework.boot.autoconfigure.task.TaskExecutionAutoConfiguration, org.springframework.boot.autoconfigure.thymeleaf.ThymeleafAutoConfiguration, org.springframework.boot.autoconfigure.validation.ValidationAutoConfiguration, org.springframework.boot.autoconfigure.web.servlet.error.ErrorMvcAutoConfiguration, org.springframework.boot.autoconfigure.web.servlet.HttpEncodingAutoConfiguration, org.springframework.boot.autoconfigure.web.servlet.WebMvcAutoConfiguration, org.springframework.boot.test.autoconfigure.web.servlet.MockMvcAutoConfiguration, org.springframework.boot.test.autoconfigure.web.servlet.MockMvcWebClientAutoConfiguration, org.springframework.boot.test.autoconfigure.web.servlet.MockMvcWebDriverAutoConfiguration, org.springframework.boot.autoconfigure.security.oauth2.client.servlet.OAuth2ClientAutoConfiguration, org.springframework.boot.autoconfigure.security.oauth2.resource.servlet.OAuth2ResourceServerAutoConfiguration, org.springframework.boot.autoconfigure.security.servlet.SecurityAutoConfiguration, org.springframework.boot.autoconfigure.security.servlet.SecurityFilterAutoConfiguration, org.springframework.boot.autoconfigure.security.servlet.UserDetailsServiceAutoConfiguration, org.springframework.boot.test.autoconfigure.web.servlet.MockMvcSecurityConfiguration, org.springframework.boot.test.autoconfigure.web.reactive.WebTestClientAutoConfiguration, edu.ucsb.cs156.example.testconfig.TestConfig]], org.springframework.boot.test.context.filter.ExcludeFilterContextCustomizer@2189e7a7, org.springframework.boot.test.json.DuplicateJsonObjectContextCustomizerFactory$DuplicateJsonObjectContextCustomizer@644abb8f, org.springframework.boot.test.mock.mockito.MockitoContextCustomizer@4bcc8638, org.springframework.boot.test.autoconfigure.OverrideAutoConfigurationContextCustomizerFactory$DisableAutoConfigurationContextCustomizer@cda0432, org.springframework.boot.test.autoconfigure.actuate.metrics.MetricsExportContextCustomizerFactory$DisableMetricExportContextCustomizer@588ffeb, org.springframework.boot.test.autoconfigure.filter.TypeExcludeFiltersContextCustomizer@3dcb1a0b, org.springframework.boot.test.autoconfigure.properties.PropertyMappingContextCustomizer@f971b418, org.springframework.boot.test.autoconfigure.web.servlet.WebDriverContextCustomizerFactory$Customizer@777c350f, org.springframework.boot.test.context.SpringBootTestArgs@1, org.springframework.boot.test.context.SpringBootTestWebEnvironment@0], resourceBasePath = 'src/main/webapp', contextLoader = 'org.springframework.boot.test.context.SpringBootContextLoader', parent = [null]], attributes = map[[empty]]], class annotated with @DirtiesContext [false] with mode [null].

  .   ____          _            __ _ _
 /\\ / ___'_ __ _ _(_)_ __  __ _ \ \ \ \
( ( )\___ | '_ | '_| | '_ \/ _` | \ \ \ \
 \\/  ___)| |_)| | | | | || (_| |  ) ) ) )
  '  |____| .__|_| |_|_| |_\__, | / / / /
 =========|_|==============|___/=/_/_/_/
 :: Spring Boot ::                (v2.6.3)

2024-01-19 12:47:32.369  INFO 1644 --- [           main] m.p.springdotenv.DotenvPropertySource    : Initializing Dotenv with DotenvConfig{directory=null, filename=null, ignoreIfMalformed=false, ignoreIfMissing=true, systemProperties=false}
2024-01-19 12:47:32.384  INFO 1644 --- [           main] e.u.c.e.controllers.CSRFControllerTests  : Starting CSRFControllerTests using Java 17.0.8 on APeng with PID 1644 (started by andre in C:\Users\andre\Downloads\research\jpa03-integration)
2024-01-19 12:47:32.385  INFO 1644 --- [           main] e.u.c.e.controllers.CSRFControllerTests  : The following profiles are active: test,development
2024-01-19 12:47:33.937  INFO 1644 --- [           main] o.s.s.web.DefaultSecurityFilterChain     : Will secure Ant [pattern='/h2-console/**'] with []
2024-01-19 12:47:34.133  INFO 1644 --- [           main] o.s.s.web.DefaultSecurityFilterChain     : Will secure any request with [org.springframework.security.web.context.request.async.WebAsyncManagerIntegrationFilter@6b5fdbd0, org.springframework.security.web.context.SecurityContextPersistenceFilter@528070fe, org.springframework.security.web.header.HeaderWriterFilter@336b7da4, org.springframework.security.web.csrf.CsrfFilter@4842a683, org.springframework.security.web.authentication.logout.LogoutFilter@6347ebbc, org.springframework.security.oauth2.client.web.OAuth2AuthorizationRequestRedirectFilter@28806954, org.springframework.security.oauth2.client.web.OAuth2LoginAuthenticationFilter@1495f70, org.springframework.security.web.savedrequest.RequestCacheAwareFilter@36134f3, org.springframework.security.web.servletapi.SecurityContextHolderAwareRequestFilter@280cb0b4, org.springframework.security.web.authentication.AnonymousAuthenticationFilter@c32908c, org.springframework.security.web.session.SessionManagementFilter@36e8fefe, org.springframework.security.web.access.ExceptionTranslationFilter@3f1dadeb, org.springframework.security.web.access.intercept.FilterSecurityInterceptor@361a1e86]
2024-01-19 12:47:34.985  WARN 1644 --- [           main] o.s.b.a.f.FreeMarkerAutoConfiguration    : Cannot find template location(s): [classpath:/templates/] (please add some templates, check your FreeMarker configuration, or set spring.freemarker.checkTemplateLocation=false)
2024-01-19 12:47:35.076  INFO 1644 --- [           main] o.s.b.t.m.w.SpringBootMockServletContext : Initializing Spring TestDispatcherServlet ''
2024-01-19 12:47:35.076  INFO 1644 --- [           main] o.s.t.web.servlet.TestDispatcherServlet  : Initializing Servlet ''
2024-01-19 12:47:35.077  INFO 1644 --- [           main] o.s.t.web.servlet.TestDispatcherServlet  : Completed initialization in 1 ms
2024-01-19 12:47:35.584  INFO 1644 --- [           main] e.u.c.e.controllers.CSRFControllerTests  : Started CSRFControllerTests in 3.608 seconds (JVM running for 4.898)
[INFO] Tests run: 1, Failures: 0, Errors: 0, Skipped: 0, Time elapsed: 4.296 s - in edu.ucsb.cs156.example.controllers.CSRFControllerTests
[INFO] Running edu.ucsb.cs156.example.controllers.SystemInfoControllerTests
2024-01-19 12:47:35.752  INFO 1644 --- [           main] .b.t.a.w.s.WebMvcTestContextBootstrapper : Neither @ContextConfiguration nor @ContextHierarchy found for test class [edu.ucsb.cs156.example.controllers.SystemInfoControllerTests], using SpringBootContextLoader
2024-01-19 12:47:35.753  INFO 1644 --- [           main] o.s.t.c.support.AbstractContextLoader    : Could not detect default resource locations for test class [edu.ucsb.cs156.example.controllers.SystemInfoControllerTests]: no resource found for suffixes {-context.xml, Context.groovy}.
2024-01-19 12:47:35.753  INFO 1644 --- [           main] t.c.s.AnnotationConfigContextLoaderUtils : Could not detect default configuration classes for test class [edu.ucsb.cs156.example.controllers.SystemInfoControllerTests]: SystemInfoControllerTests does not declare any static, non-private, non-final, nested classes annotated with @Configuration.
2024-01-19 12:47:35.758  INFO 1644 --- [           main] .b.t.c.SpringBootTestContextBootstrapper : Found @SpringBootConfiguration edu.ucsb.cs156.example.ExampleApplication for test class edu.ucsb.cs156.example.controllers.SystemInfoControllerTests
2024-01-19 12:47:35.758  INFO 1644 --- [           main] .b.t.a.w.s.WebMvcTestContextBootstrapper : Loaded default TestExecutionListener class names from location [META-INF/spring.factories]: [org.springframework.boot.test.mock.mockito.MockitoTestExecutionListener, org.springframework.boot.test.mock.mockito.ResetMocksTestExecutionListener, org.springframework.boot.test.autoconfigure.restdocs.RestDocsTestExecutionListener, org.springframework.boot.test.autoconfigure.web.client.MockRestServiceServerResetTestExecutionListener, org.springframework.boot.test.autoconfigure.web.servlet.MockMvcPrintOnlyOnFailureTestExecutionListener, org.springframework.boot.test.autoconfigure.web.servlet.WebDriverTestExecutionListener, org.springframework.boot.test.autoconfigure.webservices.client.MockWebServiceServerTestExecutionListener, org.springframework.test.context.web.ServletTestExecutionListener, org.springframework.test.context.support.DirtiesContextBeforeModesTestExecutionListener, org.springframework.test.context.event.ApplicationEventsTestExecutionListener, org.springframework.test.context.support.DependencyInjectionTestExecutionListener, org.springframework.test.context.support.DirtiesContextTestExecutionListener, org.springframework.test.context.transaction.TransactionalTestExecutionListener, org.springframework.test.context.jdbc.SqlScriptsTestExecutionListener, org.springframework.test.context.event.EventPublishingTestExecutionListener, org.springframework.security.test.context.support.WithSecurityContextTestExecutionListener, org.springframework.security.test.context.support.ReactorContextTestExecutionListener]
2024-01-19 12:47:35.759  INFO 1644 --- [           main] .b.t.a.w.s.WebMvcTestContextBootstrapper : Using TestExecutionListeners: [org.springframework.test.context.web.ServletTestExecutionListener@3aa02b54, org.springframework.test.context.support.DirtiesContextBeforeModesTestExecutionListener@78cf80a2, org.springframework.test.context.event.ApplicationEventsTestExecutionListener@30ef773e, org.springframework.boot.test.mock.mockito.MockitoTestExecutionListener@26b3bc8f, org.springframework.boot.test.autoconfigure.SpringBootDependencyInjectionTestExecutionListener@1df2d986, org.springframework.test.context.support.DirtiesContextTestExecutionListener@19bc800a, org.springframework.test.context.transaction.TransactionalTestExecutionListener@52214284, org.springframework.test.context.jdbc.SqlScriptsTestExecutionListener@694ddb8b, org.springframework.test.context.event.EventPublishingTestExecutionListener@62f801cd, org.springframework.security.test.context.support.WithSecurityContextTestExecutionListener@1f397148, org.springframework.security.test.context.support.ReactorContextTestExecutionListener@47543549, org.springframework.boot.test.mock.mockito.ResetMocksTestExecutionListener@40c23fab, org.springframework.boot.test.autoconfigure.restdocs.RestDocsTestExecutionListener@6216b817, org.springframework.boot.test.autoconfigure.web.client.MockRestServiceServerResetTestExecutionListener@36f1262c, org.springframework.boot.test.autoconfigure.web.servlet.MockMvcPrintOnlyOnFailureTestExecutionListener@5069b3c6, org.springframework.boot.test.autoconfigure.web.servlet.WebDriverTestExecutionListener@187f107, org.springframework.boot.test.autoconfigure.webservices.client.MockWebServiceServerTestExecutionListener@56062720]

  .   ____          _            __ _ _
 /\\ / ___'_ __ _ _(_)_ __  __ _ \ \ \ \
( ( )\___ | '_ | '_| | '_ \/ _` | \ \ \ \
 \\/  ___)| |_)| | | | | || (_| |  ) ) ) )
  '  |____| .__|_| |_|_| |_\__, | / / / /
 =========|_|==============|___/=/_/_/_/
 :: Spring Boot ::                (v2.6.3)

2024-01-19 12:47:35.789  INFO 1644 --- [           main] m.p.springdotenv.DotenvPropertySource    : Initializing Dotenv with DotenvConfig{directory=null, filename=null, ignoreIfMalformed=false, ignoreIfMissing=true, systemProperties=false}
2024-01-19 12:47:35.791  INFO 1644 --- [           main] e.u.c.e.c.SystemInfoControllerTests      : Starting SystemInfoControllerTests using Java 17.0.8 on APeng with PID 1644 (started by andre in C:\Users\andre\Downloads\research\jpa03-integration)
2024-01-19 12:47:35.791  INFO 1644 --- [           main] e.u.c.e.c.SystemInfoControllerTests      : The following profiles are active: test
2024-01-19 12:47:36.054  INFO 1644 --- [           main] o.s.s.web.DefaultSecurityFilterChain     : Will secure Ant [pattern='/h2-console/**'] with []
2024-01-19 12:47:36.137  INFO 1644 --- [           main] o.s.s.web.DefaultSecurityFilterChain     : Will secure any request with [org.springframework.security.web.context.request.async.WebAsyncManagerIntegrationFilter@67a842b1, org.springframework.security.web.context.SecurityContextPersistenceFilter@636aef2e, org.springframework.security.web.header.HeaderWriterFilter@114a18d6, org.springframework.security.web.csrf.CsrfFilter@809f75c, org.springframework.security.web.authentication.logout.LogoutFilter@733e1e36, org.springframework.security.oauth2.client.web.OAuth2AuthorizationRequestRedirectFilter@63306e58, org.springframework.security.oauth2.client.web.OAuth2LoginAuthenticationFilter@7c39dbc6, org.springframework.security.web.savedrequest.RequestCacheAwareFilter@506328aa, org.springframework.security.web.servletapi.SecurityContextHolderAwareRequestFilter@11ae16d8, org.springframework.security.web.authentication.AnonymousAuthenticationFilter@1c490bf2, org.springframework.security.web.session.SessionManagementFilter@241e5fe6, org.springframework.security.web.access.ExceptionTranslationFilter@636b198, org.springframework.security.web.access.intercept.FilterSecurityInterceptor@53a517e9]
2024-01-19 12:47:36.369  WARN 1644 --- [           main] o.s.b.a.f.FreeMarkerAutoConfiguration    : Cannot find template location(s): [classpath:/templates/] (please add some templates, check your FreeMarker configuration, or set spring.freemarker.checkTemplateLocation=false)
2024-01-19 12:47:36.395  INFO 1644 --- [           main] o.s.b.t.m.w.SpringBootMockServletContext : Initializing Spring TestDispatcherServlet ''
2024-01-19 12:47:36.395  INFO 1644 --- [           main] o.s.t.web.servlet.TestDispatcherServlet  : Initializing Servlet ''
2024-01-19 12:47:36.395  INFO 1644 --- [           main] o.s.t.web.servlet.TestDispatcherServlet  : Completed initialization in 0 ms
2024-01-19 12:47:36.415  INFO 1644 --- [           main] e.u.c.e.c.SystemInfoControllerTests      : Started SystemInfoControllerTests in 0.652 seconds (JVM running for 5.73)
[INFO] Tests run: 3, Failures: 0, Errors: 0, Skipped: 0, Time elapsed: 0.73 s - in edu.ucsb.cs156.example.controllers.SystemInfoControllerTests
[INFO] Running edu.ucsb.cs156.example.controllers.TodosControllerTests
2024-01-19 12:47:36.503  INFO 1644 --- [           main] .b.t.a.w.s.WebMvcTestContextBootstrapper : Neither @ContextConfiguration nor @ContextHierarchy found for test class [edu.ucsb.cs156.example.controllers.TodosControllerTests], using SpringBootContextLoader
2024-01-19 12:47:36.503  INFO 1644 --- [           main] o.s.t.c.support.AbstractContextLoader    : Could not detect default resource locations for test class [edu.ucsb.cs156.example.controllers.TodosControllerTests]: no resource found for suffixes {-context.xml, Context.groovy}.
2024-01-19 12:47:36.503  INFO 1644 --- [           main] t.c.s.AnnotationConfigContextLoaderUtils : Could not detect default configuration classes for test class [edu.ucsb.cs156.example.controllers.TodosControllerTests]: TodosControllerTests does not declare any static, non-private, non-final, nested classes annotated with @Configuration.
2024-01-19 12:47:36.507  INFO 1644 --- [           main] .b.t.c.SpringBootTestContextBootstrapper : Found @SpringBootConfiguration edu.ucsb.cs156.example.ExampleApplication for test class edu.ucsb.cs156.example.controllers.TodosControllerTests
2024-01-19 12:47:36.507  INFO 1644 --- [           main] .b.t.a.w.s.WebMvcTestContextBootstrapper : Loaded default TestExecutionListener class names from location [META-INF/spring.factories]: [org.springframework.boot.test.mock.mockito.MockitoTestExecutionListener, org.springframework.boot.test.mock.mockito.ResetMocksTestExecutionListener, org.springframework.boot.test.autoconfigure.restdocs.RestDocsTestExecutionListener, org.springframework.boot.test.autoconfigure.web.client.MockRestServiceServerResetTestExecutionListener, org.springframework.boot.test.autoconfigure.web.servlet.MockMvcPrintOnlyOnFailureTestExecutionListener, org.springframework.boot.test.autoconfigure.web.servlet.WebDriverTestExecutionListener, org.springframework.boot.test.autoconfigure.webservices.client.MockWebServiceServerTestExecutionListener, org.springframework.test.context.web.ServletTestExecutionListener, org.springframework.test.context.support.DirtiesContextBeforeModesTestExecutionListener, org.springframework.test.context.event.ApplicationEventsTestExecutionListener, org.springframework.test.context.support.DependencyInjectionTestExecutionListener, org.springframework.test.context.support.DirtiesContextTestExecutionListener, org.springframework.test.context.transaction.TransactionalTestExecutionListener, org.springframework.test.context.jdbc.SqlScriptsTestExecutionListener, org.springframework.test.context.event.EventPublishingTestExecutionListener, org.springframework.security.test.context.support.WithSecurityContextTestExecutionListener, org.springframework.security.test.context.support.ReactorContextTestExecutionListener]
2024-01-19 12:47:36.507  INFO 1644 --- [           main] .b.t.a.w.s.WebMvcTestContextBootstrapper : Using TestExecutionListeners: [org.springframework.test.context.web.ServletTestExecutionListener@5eac0402, org.springframework.test.context.support.DirtiesContextBeforeModesTestExecutionListener@5597b4c6, org.springframework.test.context.event.ApplicationEventsTestExecutionListener@630d4b50, org.springframework.boot.test.mock.mockito.MockitoTestExecutionListener@43b98754, org.springframework.boot.test.autoconfigure.SpringBootDependencyInjectionTestExecutionListener@7d8b1735, org.springframework.test.context.support.DirtiesContextTestExecutionListener@1552bdc6, org.springframework.test.context.transaction.TransactionalTestExecutionListener@1c0c23f7, org.springframework.test.context.jdbc.SqlScriptsTestExecutionListener@13008405, org.springframework.test.context.event.EventPublishingTestExecutionListener@36971bef, org.springframework.security.test.context.support.WithSecurityContextTestExecutionListener@36ab2c76, org.springframework.security.test.context.support.ReactorContextTestExecutionListener@4bc5b2cf, org.springframework.boot.test.mock.mockito.ResetMocksTestExecutionListener@5c72271e, org.springframework.boot.test.autoconfigure.restdocs.RestDocsTestExecutionListener@52b4071c, org.springframework.boot.test.autoconfigure.web.client.MockRestServiceServerResetTestExecutionListener@3d9349a0, org.springframework.boot.test.autoconfigure.web.servlet.MockMvcPrintOnlyOnFailureTestExecutionListener@5b26d717, org.springframework.boot.test.autoconfigure.web.servlet.WebDriverTestExecutionListener@16a151ba, org.springframework.boot.test.autoconfigure.webservices.client.MockWebServiceServerTestExecutionListener@645f3895]

  .   ____          _            __ _ _
 /\\ / ___'_ __ _ _(_)_ __  __ _ \ \ \ \
( ( )\___ | '_ | '_| | '_ \/ _` | \ \ \ \
 \\/  ___)| |_)| | | | | || (_| |  ) ) ) )
  '  |____| .__|_| |_|_| |_\__, | / / / /
 =========|_|==============|___/=/_/_/_/
 :: Spring Boot ::                (v2.6.3)

2024-01-19 12:47:36.525  INFO 1644 --- [           main] m.p.springdotenv.DotenvPropertySource    : Initializing Dotenv with DotenvConfig{directory=null, filename=null, ignoreIfMalformed=false, ignoreIfMissing=true, systemProperties=false}
2024-01-19 12:47:36.526  INFO 1644 --- [           main] e.u.c.e.c.TodosControllerTests           : Starting TodosControllerTests using Java 17.0.8 on APeng with PID 1644 (started by andre in C:\Users\andre\Downloads\research\jpa03-integration)
2024-01-19 12:47:36.526  INFO 1644 --- [           main] e.u.c.e.c.TodosControllerTests           : The following profiles are active: test
2024-01-19 12:47:36.766  INFO 1644 --- [           main] o.s.s.web.DefaultSecurityFilterChain     : Will secure Ant [pattern='/h2-console/**'] with []
2024-01-19 12:47:36.844  INFO 1644 --- [           main] o.s.s.web.DefaultSecurityFilterChain     : Will secure any request with [org.springframework.security.web.context.request.async.WebAsyncManagerIntegrationFilter@792ae10d, org.springframework.security.web.context.SecurityContextPersistenceFilter@1bbaf0d3, org.springframework.security.web.header.HeaderWriterFilter@de12c13, org.springframework.security.web.csrf.CsrfFilter@4d52119c, org.springframework.security.web.authentication.logout.LogoutFilter@31a19d25, org.springframework.security.oauth2.client.web.OAuth2AuthorizationRequestRedirectFilter@16f89f03, org.springframework.security.oauth2.client.web.OAuth2LoginAuthenticationFilter@22e0965c, org.springframework.security.web.savedrequest.RequestCacheAwareFilter@71de7e65, org.springframework.security.web.servletapi.SecurityContextHolderAwareRequestFilter@755b45f9, org.springframework.security.web.authentication.AnonymousAuthenticationFilter@30845b6d, org.springframework.security.web.session.SessionManagementFilter@4639d779, org.springframework.security.web.access.ExceptionTranslationFilter@4e949342, org.springframework.security.web.access.intercept.FilterSecurityInterceptor@52336a97]
2024-01-19 12:47:37.063  WARN 1644 --- [           main] o.s.b.a.f.FreeMarkerAutoConfiguration    : Cannot find template location(s): [classpath:/templates/] (please add some templates, check your FreeMarker configuration, or set spring.freemarker.checkTemplateLocation=false)
2024-01-19 12:47:37.089  INFO 1644 --- [           main] o.s.b.t.m.w.SpringBootMockServletContext : Initializing Spring TestDispatcherServlet ''
2024-01-19 12:47:37.090  INFO 1644 --- [           main] o.s.t.web.servlet.TestDispatcherServlet  : Initializing Servlet ''
2024-01-19 12:47:37.090  INFO 1644 --- [           main] o.s.t.web.servlet.TestDispatcherServlet  : Completed initialization in 0 ms
2024-01-19 12:47:37.107  INFO 1644 --- [           main] e.u.c.e.c.TodosControllerTests           : Started TodosControllerTests in 0.597 seconds (JVM running for 6.422)
2024-01-19 12:47:37.135  INFO 1644 --- [           main] e.u.c.e.t.MockCurrentUserServiceImpl     : principal instance of org.springframework.security.core.userdetails.User
2024-01-19 12:47:37.138  INFO 1644 --- [           main] e.u.c.e.t.MockCurrentUserServiceImpl     : ************** ALERT **********************
2024-01-19 12:47:37.138  INFO 1644 --- [           main] e.u.c.e.t.MockCurrentUserServiceImpl     : ************* MOCK USER********************
2024-01-19 12:47:37.138  INFO 1644 --- [           main] e.u.c.e.t.MockCurrentUserServiceImpl     : authentication=UsernamePasswordAuthenticationToken [Principal=org.springframework.security.core.userdetails.User [Username=user, Password=[PROTECTED], Enabled=true, AccountNonExpired=true, credentialsNonExpired=true, AccountNonLocked=true, Granted Authorities=[ROLE_ADMIN, ROLE_USER]], Credentials=[PROTECTED], Authenticated=true, Details=null, Granted Authorities=[ROLE_ADMIN, ROLE_USER]]
2024-01-19 12:47:37.140  INFO 1644 --- [           main] e.u.c.e.t.MockCurrentUserServiceImpl     : securityContext=SecurityContextImpl [Authentication=UsernamePasswordAuthenticationToken [Principal=org.springframework.security.core.userdetails.User [Username=user, Password=[PROTECTED], Enabled=true, AccountNonExpired=true, credentialsNonExpired=true, AccountNonLocked=true, Granted Authorities=[ROLE_ADMIN, ROLE_USER]], Credentials=[PROTECTED], Authenticated=true, Details=null, Granted Authorities=[ROLE_ADMIN, ROLE_USER]]]
2024-01-19 12:47:37.140  INFO 1644 --- [           main] e.u.c.e.t.MockCurrentUserServiceImpl     : principal=org.springframework.security.core.userdetails.User [Username=user, Password=[PROTECTED], Enabled=true, AccountNonExpired=true, credentialsNonExpired=true, AccountNonLocked=true, Granted Authorities=[ROLE_ADMIN, ROLE_USER]]
2024-01-19 12:47:37.140  INFO 1644 --- [           main] e.u.c.e.t.MockCurrentUserServiceImpl     : user (spring security) =org.springframework.security.core.userdetails.User [Username=user, Password=[PROTECTED], Enabled=true, AccountNonExpired=true, credentialsNonExpired=true, AccountNonLocked=true, Granted Authorities=[ROLE_ADMIN, ROLE_USER]]
2024-01-19 12:47:37.140  INFO 1644 --- [           main] e.u.c.e.t.MockCurrentUserServiceImpl     : u (our custom user entity)=User(id=1, email=user@example.org, googleSub=fake_user, pictureUrl=https://example.org/user.jpg, fullName=Fake user, givenName=Fake, familyName=user, emailVerified=true, locale=, hostedDomain=example.org, admin=false)
2024-01-19 12:47:37.150  INFO 1644 --- [           main] e.u.c.e.t.MockCurrentUserServiceImpl     : ************** END ALERT ******************
2024-01-19 12:47:37.150  INFO 1644 --- [           main] e.u.c.e.s.GrantedAuthoritiesService      : authorities=[ROLE_ADMIN, ROLE_USER]
2024-01-19 12:47:37.150  INFO 1644 --- [           main] e.u.c.e.services.CurrentUserServiceImpl  : getCurrentUser returns CurrentUser(user=User(id=1, email=user@example.org, googleSub=fake_user, pictureUrl=https://example.org/user.jpg, fullName=Fake user, givenName=Fake, familyName=user, emailVerified=true, locale=, hostedDomain=example.org, admin=false), roles=[ROLE_ADMIN, ROLE_USER])
2024-01-19 12:47:37.191  INFO 1644 --- [           main] e.u.c.e.t.MockCurrentUserServiceImpl     : principal instance of org.springframework.security.core.userdetails.User
2024-01-19 12:47:37.191  INFO 1644 --- [           main] e.u.c.e.t.MockCurrentUserServiceImpl     : ************** ALERT **********************
2024-01-19 12:47:37.191  INFO 1644 --- [           main] e.u.c.e.t.MockCurrentUserServiceImpl     : ************* MOCK USER********************
2024-01-19 12:47:37.191  INFO 1644 --- [           main] e.u.c.e.t.MockCurrentUserServiceImpl     : authentication=UsernamePasswordAuthenticationToken [Principal=org.springframework.security.core.userdetails.User [Username=user, Password=[PROTECTED], Enabled=true, AccountNonExpired=true, credentialsNonExpired=true, AccountNonLocked=true, Granted Authorities=[ROLE_USER]], Credentials=[PROTECTED], Authenticated=true, Details=null, Granted Authorities=[ROLE_USER]]
2024-01-19 12:47:37.191  INFO 1644 --- [           main] e.u.c.e.t.MockCurrentUserServiceImpl     : securityContext=SecurityContextImpl [Authentication=UsernamePasswordAuthenticationToken [Principal=org.springframework.security.core.userdetails.User [Username=user, Password=[PROTECTED], Enabled=true, AccountNonExpired=true, credentialsNonExpired=true, AccountNonLocked=true, Granted Authorities=[ROLE_USER]], Credentials=[PROTECTED], Authenticated=true, Details=null, Granted Authorities=[ROLE_USER]]]
2024-01-19 12:47:37.191  INFO 1644 --- [           main] e.u.c.e.t.MockCurrentUserServiceImpl     : principal=org.springframework.security.core.userdetails.User [Username=user, Password=[PROTECTED], Enabled=true, AccountNonExpired=true, credentialsNonExpired=true, AccountNonLocked=true, Granted Authorities=[ROLE_USER]]
2024-01-19 12:47:37.191  INFO 1644 --- [           main] e.u.c.e.t.MockCurrentUserServiceImpl     : user (spring security) =org.springframework.security.core.userdetails.User [Username=user, Password=[PROTECTED], Enabled=true, AccountNonExpired=true, credentialsNonExpired=true, AccountNonLocked=true, Granted Authorities=[ROLE_USER]]
2024-01-19 12:47:37.191  INFO 1644 --- [           main] e.u.c.e.t.MockCurrentUserServiceImpl     : u (our custom user entity)=User(id=1, email=user@example.org, googleSub=fake_user, pictureUrl=https://example.org/user.jpg, fullName=Fake user, givenName=Fake, familyName=user, emailVerified=true, locale=, hostedDomain=example.org, admin=false)
2024-01-19 12:47:37.191  INFO 1644 --- [           main] e.u.c.e.t.MockCurrentUserServiceImpl     : ************** END ALERT ******************
2024-01-19 12:47:37.191  INFO 1644 --- [           main] e.u.c.e.s.GrantedAuthoritiesService      : authorities=[ROLE_USER]
2024-01-19 12:47:37.191  INFO 1644 --- [           main] e.u.c.e.services.CurrentUserServiceImpl  : getCurrentUser returns CurrentUser(user=User(id=1, email=user@example.org, googleSub=fake_user, pictureUrl=https://example.org/user.jpg, fullName=Fake user, givenName=Fake, familyName=user, emailVerified=true, locale=, hostedDomain=example.org, admin=false), roles=[ROLE_USER])
2024-01-19 12:47:37.203  INFO 1644 --- [           main] e.u.c.e.t.MockCurrentUserServiceImpl     : principal instance of org.springframework.security.core.userdetails.User
2024-01-19 12:47:37.203  INFO 1644 --- [           main] e.u.c.e.t.MockCurrentUserServiceImpl     : ************** ALERT **********************
2024-01-19 12:47:37.203  INFO 1644 --- [           main] e.u.c.e.t.MockCurrentUserServiceImpl     : ************* MOCK USER********************
2024-01-19 12:47:37.203  INFO 1644 --- [           main] e.u.c.e.t.MockCurrentUserServiceImpl     : authentication=UsernamePasswordAuthenticationToken [Principal=org.springframework.security.core.userdetails.User [Username=user, Password=[PROTECTED], Enabled=true, AccountNonExpired=true, credentialsNonExpired=true, AccountNonLocked=true, Granted Authorities=[ROLE_USER]], Credentials=[PROTECTED], Authenticated=true, Details=null, Granted Authorities=[ROLE_USER]]
2024-01-19 12:47:37.203  INFO 1644 --- [           main] e.u.c.e.t.MockCurrentUserServiceImpl     : securityContext=SecurityContextImpl [Authentication=UsernamePasswordAuthenticationToken [Principal=org.springframework.security.core.userdetails.User [Username=user, Password=[PROTECTED], Enabled=true, AccountNonExpired=true, credentialsNonExpired=true, AccountNonLocked=true, Granted Authorities=[ROLE_USER]], Credentials=[PROTECTED], Authenticated=true, Details=null, Granted Authorities=[ROLE_USER]]]
2024-01-19 12:47:37.203  INFO 1644 --- [           main] e.u.c.e.t.MockCurrentUserServiceImpl     : principal=org.springframework.security.core.userdetails.User [Username=user, Password=[PROTECTED], Enabled=true, AccountNonExpired=true, credentialsNonExpired=true, AccountNonLocked=true, Granted Authorities=[ROLE_USER]]
2024-01-19 12:47:37.203  INFO 1644 --- [           main] e.u.c.e.t.MockCurrentUserServiceImpl     : user (spring security) =org.springframework.security.core.userdetails.User [Username=user, Password=[PROTECTED], Enabled=true, AccountNonExpired=true, credentialsNonExpired=true, AccountNonLocked=true, Granted Authorities=[ROLE_USER]]
2024-01-19 12:47:37.203  INFO 1644 --- [           main] e.u.c.e.t.MockCurrentUserServiceImpl     : u (our custom user entity)=User(id=1, email=user@example.org, googleSub=fake_user, pictureUrl=https://example.org/user.jpg, fullName=Fake user, givenName=Fake, familyName=user, emailVerified=true, locale=, hostedDomain=example.org, admin=false)
2024-01-19 12:47:37.203  INFO 1644 --- [           main] e.u.c.e.t.MockCurrentUserServiceImpl     : ************** END ALERT ******************
2024-01-19 12:47:37.203  INFO 1644 --- [           main] e.u.c.e.s.GrantedAuthoritiesService      : authorities=[ROLE_USER]
2024-01-19 12:47:37.203  INFO 1644 --- [           main] e.u.c.e.services.CurrentUserServiceImpl  : getCurrentUser returns CurrentUser(user=User(id=1, email=user@example.org, googleSub=fake_user, pictureUrl=https://example.org/user.jpg, fullName=Fake user, givenName=Fake, familyName=user, emailVerified=true, locale=, hostedDomain=example.org, admin=false), roles=[ROLE_USER])
2024-01-19 12:47:37.203  INFO 1644 --- [           main] e.u.c.e.controllers.TodosController      : currentUser=CurrentUser(user=User(id=1, email=user@example.org, googleSub=fake_user, pictureUrl=https://example.org/user.jpg, fullName=Fake user, givenName=Fake, familyName=user, emailVerified=true, locale=, hostedDomain=example.org, admin=false), roles=[ROLE_USER])
2024-01-19 12:47:37.209  INFO 1644 --- [           main] e.u.c.e.t.MockCurrentUserServiceImpl     : principal instance of org.springframework.security.core.userdetails.User
2024-01-19 12:47:37.209  INFO 1644 --- [           main] e.u.c.e.t.MockCurrentUserServiceImpl     : ************** ALERT **********************
2024-01-19 12:47:37.209  INFO 1644 --- [           main] e.u.c.e.t.MockCurrentUserServiceImpl     : ************* MOCK USER********************
2024-01-19 12:47:37.209  INFO 1644 --- [           main] e.u.c.e.t.MockCurrentUserServiceImpl     : authentication=UsernamePasswordAuthenticationToken [Principal=org.springframework.security.core.userdetails.User [Username=user, Password=[PROTECTED], Enabled=true, AccountNonExpired=true, credentialsNonExpired=true, AccountNonLocked=true, Granted Authorities=[ROLE_USER]], Credentials=[PROTECTED], Authenticated=true, Details=null, Granted Authorities=[ROLE_USER]]
2024-01-19 12:47:37.209  INFO 1644 --- [           main] e.u.c.e.t.MockCurrentUserServiceImpl     : securityContext=SecurityContextImpl [Authentication=UsernamePasswordAuthenticationToken [Principal=org.springframework.security.core.userdetails.User [Username=user, Password=[PROTECTED], Enabled=true, AccountNonExpired=true, credentialsNonExpired=true, AccountNonLocked=true, Granted Authorities=[ROLE_USER]], Credentials=[PROTECTED], Authenticated=true, Details=null, Granted Authorities=[ROLE_USER]]]
2024-01-19 12:47:37.209  INFO 1644 --- [           main] e.u.c.e.t.MockCurrentUserServiceImpl     : principal=org.springframework.security.core.userdetails.User [Username=user, Password=[PROTECTED], Enabled=true, AccountNonExpired=true, credentialsNonExpired=true, AccountNonLocked=true, Granted Authorities=[ROLE_USER]]
2024-01-19 12:47:37.209  INFO 1644 --- [           main] e.u.c.e.t.MockCurrentUserServiceImpl     : user (spring security) =org.springframework.security.core.userdetails.User [Username=user, Password=[PROTECTED], Enabled=true, AccountNonExpired=true, credentialsNonExpired=true, AccountNonLocked=true, Granted Authorities=[ROLE_USER]]
2024-01-19 12:47:37.209  INFO 1644 --- [           main] e.u.c.e.t.MockCurrentUserServiceImpl     : u (our custom user entity)=User(id=1, email=user@example.org, googleSub=fake_user, pictureUrl=https://example.org/user.jpg, fullName=Fake user, givenName=Fake, familyName=user, emailVerified=true, locale=, hostedDomain=example.org, admin=false)
2024-01-19 12:47:37.209  INFO 1644 --- [           main] e.u.c.e.t.MockCurrentUserServiceImpl     : ************** END ALERT ******************
2024-01-19 12:47:37.209  INFO 1644 --- [           main] e.u.c.e.s.GrantedAuthoritiesService      : authorities=[ROLE_USER]
2024-01-19 12:47:37.209  INFO 1644 --- [           main] e.u.c.e.services.CurrentUserServiceImpl  : getCurrentUser returns CurrentUser(user=User(id=1, email=user@example.org, googleSub=fake_user, pictureUrl=https://example.org/user.jpg, fullName=Fake user, givenName=Fake, familyName=user, emailVerified=true, locale=, hostedDomain=example.org, admin=false), roles=[ROLE_USER])
2024-01-19 12:47:37.213  INFO 1644 --- [           main] e.u.c.e.t.MockCurrentUserServiceImpl     : principal instance of org.springframework.security.core.userdetails.User
2024-01-19 12:47:37.213  INFO 1644 --- [           main] e.u.c.e.t.MockCurrentUserServiceImpl     : ************** ALERT **********************
2024-01-19 12:47:37.213  INFO 1644 --- [           main] e.u.c.e.t.MockCurrentUserServiceImpl     : ************* MOCK USER********************
2024-01-19 12:47:37.213  INFO 1644 --- [           main] e.u.c.e.t.MockCurrentUserServiceImpl     : authentication=UsernamePasswordAuthenticationToken [Principal=org.springframework.security.core.userdetails.User [Username=user, Password=[PROTECTED], Enabled=true, AccountNonExpired=true, credentialsNonExpired=true, AccountNonLocked=true, Granted Authorities=[ROLE_USER]], Credentials=[PROTECTED], Authenticated=true, Details=null, Granted Authorities=[ROLE_USER]]
2024-01-19 12:47:37.213  INFO 1644 --- [           main] e.u.c.e.t.MockCurrentUserServiceImpl     : securityContext=SecurityContextImpl [Authentication=UsernamePasswordAuthenticationToken [Principal=org.springframework.security.core.userdetails.User [Username=user, Password=[PROTECTED], Enabled=true, AccountNonExpired=true, credentialsNonExpired=true, AccountNonLocked=true, Granted Authorities=[ROLE_USER]], Credentials=[PROTECTED], Authenticated=true, Details=null, Granted Authorities=[ROLE_USER]]]
2024-01-19 12:47:37.213  INFO 1644 --- [           main] e.u.c.e.t.MockCurrentUserServiceImpl     : principal=org.springframework.security.core.userdetails.User [Username=user, Password=[PROTECTED], Enabled=true, AccountNonExpired=true, credentialsNonExpired=true, AccountNonLocked=true, Granted Authorities=[ROLE_USER]]
2024-01-19 12:47:37.213  INFO 1644 --- [           main] e.u.c.e.t.MockCurrentUserServiceImpl     : user (spring security) =org.springframework.security.core.userdetails.User [Username=user, Password=[PROTECTED], Enabled=true, AccountNonExpired=true, credentialsNonExpired=true, AccountNonLocked=true, Granted Authorities=[ROLE_USER]]
2024-01-19 12:47:37.213  INFO 1644 --- [           main] e.u.c.e.t.MockCurrentUserServiceImpl     : u (our custom user entity)=User(id=1, email=user@example.org, googleSub=fake_user, pictureUrl=https://example.org/user.jpg, fullName=Fake user, givenName=Fake, familyName=user, emailVerified=true, locale=, hostedDomain=example.org, admin=false)
2024-01-19 12:47:37.213  INFO 1644 --- [           main] e.u.c.e.t.MockCurrentUserServiceImpl     : ************** END ALERT ******************
2024-01-19 12:47:37.213  INFO 1644 --- [           main] e.u.c.e.s.GrantedAuthoritiesService      : authorities=[ROLE_USER]
2024-01-19 12:47:37.213  INFO 1644 --- [           main] e.u.c.e.services.CurrentUserServiceImpl  : getCurrentUser returns CurrentUser(user=User(id=1, email=user@example.org, googleSub=fake_user, pictureUrl=https://example.org/user.jpg, fullName=Fake user, givenName=Fake, familyName=user, emailVerified=true, locale=, hostedDomain=example.org, admin=false), roles=[ROLE_USER])
2024-01-19 12:47:37.218  INFO 1644 --- [           main] e.u.c.e.t.MockCurrentUserServiceImpl     : principal instance of org.springframework.security.core.userdetails.User
2024-01-19 12:47:37.218  INFO 1644 --- [           main] e.u.c.e.t.MockCurrentUserServiceImpl     : ************** ALERT **********************
2024-01-19 12:47:37.219  INFO 1644 --- [           main] e.u.c.e.t.MockCurrentUserServiceImpl     : ************* MOCK USER********************
2024-01-19 12:47:37.219  INFO 1644 --- [           main] e.u.c.e.t.MockCurrentUserServiceImpl     : authentication=UsernamePasswordAuthenticationToken [Principal=org.springframework.security.core.userdetails.User [Username=user, Password=[PROTECTED], Enabled=true, AccountNonExpired=true, credentialsNonExpired=true, AccountNonLocked=true, Granted Authorities=[ROLE_USER]], Credentials=[PROTECTED], Authenticated=true, Details=null, Granted Authorities=[ROLE_USER]]
2024-01-19 12:47:37.219  INFO 1644 --- [           main] e.u.c.e.t.MockCurrentUserServiceImpl     : securityContext=SecurityContextImpl [Authentication=UsernamePasswordAuthenticationToken [Principal=org.springframework.security.core.userdetails.User [Username=user, Password=[PROTECTED], Enabled=true, AccountNonExpired=true, credentialsNonExpired=true, AccountNonLocked=true, Granted Authorities=[ROLE_USER]], Credentials=[PROTECTED], Authenticated=true, Details=null, Granted Authorities=[ROLE_USER]]]
2024-01-19 12:47:37.219  INFO 1644 --- [           main] e.u.c.e.t.MockCurrentUserServiceImpl     : principal=org.springframework.security.core.userdetails.User [Username=user, Password=[PROTECTED], Enabled=true, AccountNonExpired=true, credentialsNonExpired=true, AccountNonLocked=true, Granted Authorities=[ROLE_USER]]
2024-01-19 12:47:37.219  INFO 1644 --- [           main] e.u.c.e.t.MockCurrentUserServiceImpl     : user (spring security) =org.springframework.security.core.userdetails.User [Username=user, Password=[PROTECTED], Enabled=true, AccountNonExpired=true, credentialsNonExpired=true, AccountNonLocked=true, Granted Authorities=[ROLE_USER]]
2024-01-19 12:47:37.219  INFO 1644 --- [           main] e.u.c.e.t.MockCurrentUserServiceImpl     : u (our custom user entity)=User(id=1, email=user@example.org, googleSub=fake_user, pictureUrl=https://example.org/user.jpg, fullName=Fake user, givenName=Fake, familyName=user, emailVerified=true, locale=, hostedDomain=example.org, admin=false)
2024-01-19 12:47:37.219  INFO 1644 --- [           main] e.u.c.e.t.MockCurrentUserServiceImpl     : ************** END ALERT ******************
2024-01-19 12:47:37.219  INFO 1644 --- [           main] e.u.c.e.s.GrantedAuthoritiesService      : authorities=[ROLE_USER]
2024-01-19 12:47:37.219  INFO 1644 --- [           main] e.u.c.e.services.CurrentUserServiceImpl  : getCurrentUser returns CurrentUser(user=User(id=1, email=user@example.org, googleSub=fake_user, pictureUrl=https://example.org/user.jpg, fullName=Fake user, givenName=Fake, familyName=user, emailVerified=true, locale=, hostedDomain=example.org, admin=false), roles=[ROLE_USER])
2024-01-19 12:47:37.221  INFO 1644 --- [           main] e.u.c.e.t.MockCurrentUserServiceImpl     : principal instance of org.springframework.security.core.userdetails.User
2024-01-19 12:47:37.221  INFO 1644 --- [           main] e.u.c.e.t.MockCurrentUserServiceImpl     : ************** ALERT **********************
2024-01-19 12:47:37.221  INFO 1644 --- [           main] e.u.c.e.t.MockCurrentUserServiceImpl     : ************* MOCK USER********************
2024-01-19 12:47:37.221  INFO 1644 --- [           main] e.u.c.e.t.MockCurrentUserServiceImpl     : authentication=UsernamePasswordAuthenticationToken [Principal=org.springframework.security.core.userdetails.User [Username=user, Password=[PROTECTED], Enabled=true, AccountNonExpired=true, credentialsNonExpired=true, AccountNonLocked=true, Granted Authorities=[ROLE_USER]], Credentials=[PROTECTED], Authenticated=true, Details=null, Granted Authorities=[ROLE_USER]]
2024-01-19 12:47:37.221  INFO 1644 --- [           main] e.u.c.e.t.MockCurrentUserServiceImpl     : securityContext=SecurityContextImpl [Authentication=UsernamePasswordAuthenticationToken [Principal=org.springframework.security.core.userdetails.User [Username=user, Password=[PROTECTED], Enabled=true, AccountNonExpired=true, credentialsNonExpired=true, AccountNonLocked=true, Granted Authorities=[ROLE_USER]], Credentials=[PROTECTED], Authenticated=true, Details=null, Granted Authorities=[ROLE_USER]]]
2024-01-19 12:47:37.221  INFO 1644 --- [           main] e.u.c.e.t.MockCurrentUserServiceImpl     : principal=org.springframework.security.core.userdetails.User [Username=user, Password=[PROTECTED], Enabled=true, AccountNonExpired=true, credentialsNonExpired=true, AccountNonLocked=true, Granted Authorities=[ROLE_USER]]
2024-01-19 12:47:37.221  INFO 1644 --- [           main] e.u.c.e.t.MockCurrentUserServiceImpl     : user (spring security) =org.springframework.security.core.userdetails.User [Username=user, Password=[PROTECTED], Enabled=true, AccountNonExpired=true, credentialsNonExpired=true, AccountNonLocked=true, Granted Authorities=[ROLE_USER]]
2024-01-19 12:47:37.221  INFO 1644 --- [           main] e.u.c.e.t.MockCurrentUserServiceImpl     : u (our custom user entity)=User(id=1, email=user@example.org, googleSub=fake_user, pictureUrl=https://example.org/user.jpg, fullName=Fake user, givenName=Fake, familyName=user, emailVerified=true, locale=, hostedDomain=example.org, admin=false)
2024-01-19 12:47:37.221  INFO 1644 --- [           main] e.u.c.e.t.MockCurrentUserServiceImpl     : ************** END ALERT ******************
2024-01-19 12:47:37.221  INFO 1644 --- [           main] e.u.c.e.s.GrantedAuthoritiesService      : authorities=[ROLE_USER]
2024-01-19 12:47:37.221  INFO 1644 --- [           main] e.u.c.e.services.CurrentUserServiceImpl  : getCurrentUser returns CurrentUser(user=User(id=1, email=user@example.org, googleSub=fake_user, pictureUrl=https://example.org/user.jpg, fullName=Fake user, givenName=Fake, familyName=user, emailVerified=true, locale=, hostedDomain=example.org, admin=false), roles=[ROLE_USER])
2024-01-19 12:47:37.249  INFO 1644 --- [           main] e.u.c.e.t.MockCurrentUserServiceImpl     : principal instance of org.springframework.security.core.userdetails.User
2024-01-19 12:47:37.249  INFO 1644 --- [           main] e.u.c.e.t.MockCurrentUserServiceImpl     : ************** ALERT **********************
2024-01-19 12:47:37.249  INFO 1644 --- [           main] e.u.c.e.t.MockCurrentUserServiceImpl     : ************* MOCK USER********************
2024-01-19 12:47:37.249  INFO 1644 --- [           main] e.u.c.e.t.MockCurrentUserServiceImpl     : authentication=UsernamePasswordAuthenticationToken [Principal=org.springframework.security.core.userdetails.User [Username=user, Password=[PROTECTED], Enabled=true, AccountNonExpired=true, credentialsNonExpired=true, AccountNonLocked=true, Granted Authorities=[ROLE_USER]], Credentials=[PROTECTED], Authenticated=true, Details=null, Granted Authorities=[ROLE_USER]]
2024-01-19 12:47:37.249  INFO 1644 --- [           main] e.u.c.e.t.MockCurrentUserServiceImpl     : securityContext=SecurityContextImpl [Authentication=UsernamePasswordAuthenticationToken [Principal=org.springframework.security.core.userdetails.User [Username=user, Password=[PROTECTED], Enabled=true, AccountNonExpired=true, credentialsNonExpired=true, AccountNonLocked=true, Granted Authorities=[ROLE_USER]], Credentials=[PROTECTED], Authenticated=true, Details=null, Granted Authorities=[ROLE_USER]]]
2024-01-19 12:47:37.249  INFO 1644 --- [           main] e.u.c.e.t.MockCurrentUserServiceImpl     : principal=org.springframework.security.core.userdetails.User [Username=user, Password=[PROTECTED], Enabled=true, AccountNonExpired=true, credentialsNonExpired=true, AccountNonLocked=true, Granted Authorities=[ROLE_USER]]
2024-01-19 12:47:37.249  INFO 1644 --- [           main] e.u.c.e.t.MockCurrentUserServiceImpl     : user (spring security) =org.springframework.security.core.userdetails.User [Username=user, Password=[PROTECTED], Enabled=true, AccountNonExpired=true, credentialsNonExpired=true, AccountNonLocked=true, Granted Authorities=[ROLE_USER]]
2024-01-19 12:47:37.249  INFO 1644 --- [           main] e.u.c.e.t.MockCurrentUserServiceImpl     : u (our custom user entity)=User(id=1, email=user@example.org, googleSub=fake_user, pictureUrl=https://example.org/user.jpg, fullName=Fake user, givenName=Fake, familyName=user, emailVerified=true, locale=, hostedDomain=example.org, admin=false)
2024-01-19 12:47:37.249  INFO 1644 --- [           main] e.u.c.e.t.MockCurrentUserServiceImpl     : ************** END ALERT ******************
2024-01-19 12:47:37.249  INFO 1644 --- [           main] e.u.c.e.s.GrantedAuthoritiesService      : authorities=[ROLE_USER]
2024-01-19 12:47:37.249  INFO 1644 --- [           main] e.u.c.e.services.CurrentUserServiceImpl  : getCurrentUser returns CurrentUser(user=User(id=1, email=user@example.org, googleSub=fake_user, pictureUrl=https://example.org/user.jpg, fullName=Fake user, givenName=Fake, familyName=user, emailVerified=true, locale=, hostedDomain=example.org, admin=false), roles=[ROLE_USER])
2024-01-19 12:47:37.264  INFO 1644 --- [           main] e.u.c.e.t.MockCurrentUserServiceImpl     : principal instance of org.springframework.security.core.userdetails.User
2024-01-19 12:47:37.265  INFO 1644 --- [           main] e.u.c.e.t.MockCurrentUserServiceImpl     : ************** ALERT **********************
2024-01-19 12:47:37.265  INFO 1644 --- [           main] e.u.c.e.t.MockCurrentUserServiceImpl     : ************* MOCK USER********************
2024-01-19 12:47:37.265  INFO 1644 --- [           main] e.u.c.e.t.MockCurrentUserServiceImpl     : authentication=UsernamePasswordAuthenticationToken [Principal=org.springframework.security.core.userdetails.User [Username=user, Password=[PROTECTED], Enabled=true, AccountNonExpired=true, credentialsNonExpired=true, AccountNonLocked=true, Granted Authorities=[ROLE_USER]], Credentials=[PROTECTED], Authenticated=true, Details=null, Granted Authorities=[ROLE_USER]]
2024-01-19 12:47:37.265  INFO 1644 --- [           main] e.u.c.e.t.MockCurrentUserServiceImpl     : securityContext=SecurityContextImpl [Authentication=UsernamePasswordAuthenticationToken [Principal=org.springframework.security.core.userdetails.User [Username=user, Password=[PROTECTED], Enabled=true, AccountNonExpired=true, credentialsNonExpired=true, AccountNonLocked=true, Granted Authorities=[ROLE_USER]], Credentials=[PROTECTED], Authenticated=true, Details=null, Granted Authorities=[ROLE_USER]]]
2024-01-19 12:47:37.265  INFO 1644 --- [           main] e.u.c.e.t.MockCurrentUserServiceImpl     : principal=org.springframework.security.core.userdetails.User [Username=user, Password=[PROTECTED], Enabled=true, AccountNonExpired=true, credentialsNonExpired=true, AccountNonLocked=true, Granted Authorities=[ROLE_USER]]
2024-01-19 12:47:37.265  INFO 1644 --- [           main] e.u.c.e.t.MockCurrentUserServiceImpl     : user (spring security) =org.springframework.security.core.userdetails.User [Username=user, Password=[PROTECTED], Enabled=true, AccountNonExpired=true, credentialsNonExpired=true, AccountNonLocked=true, Granted Authorities=[ROLE_USER]]
2024-01-19 12:47:37.265  INFO 1644 --- [           main] e.u.c.e.t.MockCurrentUserServiceImpl     : u (our custom user entity)=User(id=1, email=user@example.org, googleSub=fake_user, pictureUrl=https://example.org/user.jpg, fullName=Fake user, givenName=Fake, familyName=user, emailVerified=true, locale=, hostedDomain=example.org, admin=false)
2024-01-19 12:47:37.265  INFO 1644 --- [           main] e.u.c.e.t.MockCurrentUserServiceImpl     : ************** END ALERT ******************
2024-01-19 12:47:37.265  INFO 1644 --- [           main] e.u.c.e.s.GrantedAuthoritiesService      : authorities=[ROLE_USER]
2024-01-19 12:47:37.265  INFO 1644 --- [           main] e.u.c.e.services.CurrentUserServiceImpl  : getCurrentUser returns CurrentUser(user=User(id=1, email=user@example.org, googleSub=fake_user, pictureUrl=https://example.org/user.jpg, fullName=Fake user, givenName=Fake, familyName=user, emailVerified=true, locale=, hostedDomain=example.org, admin=false), roles=[ROLE_USER])
2024-01-19 12:47:37.267  INFO 1644 --- [           main] e.u.c.e.t.MockCurrentUserServiceImpl     : principal instance of org.springframework.security.core.userdetails.User
2024-01-19 12:47:37.267  INFO 1644 --- [           main] e.u.c.e.t.MockCurrentUserServiceImpl     : ************** ALERT **********************
2024-01-19 12:47:37.267  INFO 1644 --- [           main] e.u.c.e.t.MockCurrentUserServiceImpl     : ************* MOCK USER********************
2024-01-19 12:47:37.267  INFO 1644 --- [           main] e.u.c.e.t.MockCurrentUserServiceImpl     : authentication=UsernamePasswordAuthenticationToken [Principal=org.springframework.security.core.userdetails.User [Username=user, Password=[PROTECTED], Enabled=true, AccountNonExpired=true, credentialsNonExpired=true, AccountNonLocked=true, Granted Authorities=[ROLE_USER]], Credentials=[PROTECTED], Authenticated=true, Details=null, Granted Authorities=[ROLE_USER]]
2024-01-19 12:47:37.267  INFO 1644 --- [           main] e.u.c.e.t.MockCurrentUserServiceImpl     : securityContext=SecurityContextImpl [Authentication=UsernamePasswordAuthenticationToken [Principal=org.springframework.security.core.userdetails.User [Username=user, Password=[PROTECTED], Enabled=true, AccountNonExpired=true, credentialsNonExpired=true, AccountNonLocked=true, Granted Authorities=[ROLE_USER]], Credentials=[PROTECTED], Authenticated=true, Details=null, Granted Authorities=[ROLE_USER]]]
2024-01-19 12:47:37.269  INFO 1644 --- [           main] e.u.c.e.t.MockCurrentUserServiceImpl     : principal=org.springframework.security.core.userdetails.User [Username=user, Password=[PROTECTED], Enabled=true, AccountNonExpired=true, credentialsNonExpired=true, AccountNonLocked=true, Granted Authorities=[ROLE_USER]]
2024-01-19 12:47:37.269  INFO 1644 --- [           main] e.u.c.e.t.MockCurrentUserServiceImpl     : user (spring security) =org.springframework.security.core.userdetails.User [Username=user, Password=[PROTECTED], Enabled=true, AccountNonExpired=true, credentialsNonExpired=true, AccountNonLocked=true, Granted Authorities=[ROLE_USER]]
2024-01-19 12:47:37.269  INFO 1644 --- [           main] e.u.c.e.t.MockCurrentUserServiceImpl     : u (our custom user entity)=User(id=1, email=user@example.org, googleSub=fake_user, pictureUrl=https://example.org/user.jpg, fullName=Fake user, givenName=Fake, familyName=user, emailVerified=true, locale=, hostedDomain=example.org, admin=false)
2024-01-19 12:47:37.269  INFO 1644 --- [           main] e.u.c.e.t.MockCurrentUserServiceImpl     : ************** END ALERT ******************
2024-01-19 12:47:37.269  INFO 1644 --- [           main] e.u.c.e.s.GrantedAuthoritiesService      : authorities=[ROLE_USER]
2024-01-19 12:47:37.269  INFO 1644 --- [           main] e.u.c.e.services.CurrentUserServiceImpl  : getCurrentUser returns CurrentUser(user=User(id=1, email=user@example.org, googleSub=fake_user, pictureUrl=https://example.org/user.jpg, fullName=Fake user, givenName=Fake, familyName=user, emailVerified=true, locale=, hostedDomain=example.org, admin=false), roles=[ROLE_USER])
2024-01-19 12:47:37.321  INFO 1644 --- [           main] e.u.c.e.t.MockCurrentUserServiceImpl     : principal instance of org.springframework.security.core.userdetails.User
2024-01-19 12:47:37.321  INFO 1644 --- [           main] e.u.c.e.t.MockCurrentUserServiceImpl     : ************** ALERT **********************
2024-01-19 12:47:37.321  INFO 1644 --- [           main] e.u.c.e.t.MockCurrentUserServiceImpl     : ************* MOCK USER********************
2024-01-19 12:47:37.321  INFO 1644 --- [           main] e.u.c.e.t.MockCurrentUserServiceImpl     : authentication=UsernamePasswordAuthenticationToken [Principal=org.springframework.security.core.userdetails.User [Username=user, Password=[PROTECTED], Enabled=true, AccountNonExpired=true, credentialsNonExpired=true, AccountNonLocked=true, Granted Authorities=[ROLE_ADMIN, ROLE_USER]], Credentials=[PROTECTED], Authenticated=true, Details=null, Granted Authorities=[ROLE_ADMIN, ROLE_USER]]
2024-01-19 12:47:37.321  INFO 1644 --- [           main] e.u.c.e.t.MockCurrentUserServiceImpl     : securityContext=SecurityContextImpl [Authentication=UsernamePasswordAuthenticationToken [Principal=org.springframework.security.core.userdetails.User [Username=user, Password=[PROTECTED], Enabled=true, AccountNonExpired=true, credentialsNonExpired=true, AccountNonLocked=true, Granted Authorities=[ROLE_ADMIN, ROLE_USER]], Credentials=[PROTECTED], Authenticated=true, Details=null, Granted Authorities=[ROLE_ADMIN, ROLE_USER]]]
2024-01-19 12:47:37.321  INFO 1644 --- [           main] e.u.c.e.t.MockCurrentUserServiceImpl     : principal=org.springframework.security.core.userdetails.User [Username=user, Password=[PROTECTED], Enabled=true, AccountNonExpired=true, credentialsNonExpired=true, AccountNonLocked=true, Granted Authorities=[ROLE_ADMIN, ROLE_USER]]
2024-01-19 12:47:37.321  INFO 1644 --- [           main] e.u.c.e.t.MockCurrentUserServiceImpl     : user (spring security) =org.springframework.security.core.userdetails.User [Username=user, Password=[PROTECTED], Enabled=true, AccountNonExpired=true, credentialsNonExpired=true, AccountNonLocked=true, Granted Authorities=[ROLE_ADMIN, ROLE_USER]]
2024-01-19 12:47:37.321  INFO 1644 --- [           main] e.u.c.e.t.MockCurrentUserServiceImpl     : u (our custom user entity)=User(id=1, email=user@example.org, googleSub=fake_user, pictureUrl=https://example.org/user.jpg, fullName=Fake user, givenName=Fake, familyName=user, emailVerified=true, locale=, hostedDomain=example.org, admin=false)
2024-01-19 12:47:37.321  INFO 1644 --- [           main] e.u.c.e.t.MockCurrentUserServiceImpl     : ************** END ALERT ******************
2024-01-19 12:47:37.321  INFO 1644 --- [           main] e.u.c.e.s.GrantedAuthoritiesService      : authorities=[ROLE_ADMIN, ROLE_USER]
2024-01-19 12:47:37.321  INFO 1644 --- [           main] e.u.c.e.services.CurrentUserServiceImpl  : getCurrentUser returns CurrentUser(user=User(id=1, email=user@example.org, googleSub=fake_user, pictureUrl=https://example.org/user.jpg, fullName=Fake user, givenName=Fake, familyName=user, emailVerified=true, locale=, hostedDomain=example.org, admin=false), roles=[ROLE_ADMIN, ROLE_USER])
2024-01-19 12:47:37.334  INFO 1644 --- [           main] e.u.c.e.t.MockCurrentUserServiceImpl     : principal instance of org.springframework.security.core.userdetails.User
2024-01-19 12:47:37.334  INFO 1644 --- [           main] e.u.c.e.t.MockCurrentUserServiceImpl     : ************** ALERT **********************
2024-01-19 12:47:37.334  INFO 1644 --- [           main] e.u.c.e.t.MockCurrentUserServiceImpl     : ************* MOCK USER********************
2024-01-19 12:47:37.334  INFO 1644 --- [           main] e.u.c.e.t.MockCurrentUserServiceImpl     : authentication=UsernamePasswordAuthenticationToken [Principal=org.springframework.security.core.userdetails.User [Username=user, Password=[PROTECTED], Enabled=true, AccountNonExpired=true, credentialsNonExpired=true, AccountNonLocked=true, Granted Authorities=[ROLE_USER]], Credentials=[PROTECTED], Authenticated=true, Details=null, Granted Authorities=[ROLE_USER]]
2024-01-19 12:47:37.334  INFO 1644 --- [           main] e.u.c.e.t.MockCurrentUserServiceImpl     : securityContext=SecurityContextImpl [Authentication=UsernamePasswordAuthenticationToken [Principal=org.springframework.security.core.userdetails.User [Username=user, Password=[PROTECTED], Enabled=true, AccountNonExpired=true, credentialsNonExpired=true, AccountNonLocked=true, Granted Authorities=[ROLE_USER]], Credentials=[PROTECTED], Authenticated=true, Details=null, Granted Authorities=[ROLE_USER]]]
2024-01-19 12:47:37.334  INFO 1644 --- [           main] e.u.c.e.t.MockCurrentUserServiceImpl     : principal=org.springframework.security.core.userdetails.User [Username=user, Password=[PROTECTED], Enabled=true, AccountNonExpired=true, credentialsNonExpired=true, AccountNonLocked=true, Granted Authorities=[ROLE_USER]]
2024-01-19 12:47:37.334  INFO 1644 --- [           main] e.u.c.e.t.MockCurrentUserServiceImpl     : user (spring security) =org.springframework.security.core.userdetails.User [Username=user, Password=[PROTECTED], Enabled=true, AccountNonExpired=true, credentialsNonExpired=true, AccountNonLocked=true, Granted Authorities=[ROLE_USER]]
2024-01-19 12:47:37.334  INFO 1644 --- [           main] e.u.c.e.t.MockCurrentUserServiceImpl     : u (our custom user entity)=User(id=1, email=user@example.org, googleSub=fake_user, pictureUrl=https://example.org/user.jpg, fullName=Fake user, givenName=Fake, familyName=user, emailVerified=true, locale=, hostedDomain=example.org, admin=false)
2024-01-19 12:47:37.334  INFO 1644 --- [           main] e.u.c.e.t.MockCurrentUserServiceImpl     : ************** END ALERT ******************
2024-01-19 12:47:37.334  INFO 1644 --- [           main] e.u.c.e.s.GrantedAuthoritiesService      : authorities=[ROLE_USER]
2024-01-19 12:47:37.334  INFO 1644 --- [           main] e.u.c.e.services.CurrentUserServiceImpl  : getCurrentUser returns CurrentUser(user=User(id=1, email=user@example.org, googleSub=fake_user, pictureUrl=https://example.org/user.jpg, fullName=Fake user, givenName=Fake, familyName=user, emailVerified=true, locale=, hostedDomain=example.org, admin=false), roles=[ROLE_USER])
2024-01-19 12:47:37.337  INFO 1644 --- [           main] e.u.c.e.t.MockCurrentUserServiceImpl     : principal instance of org.springframework.security.core.userdetails.User
2024-01-19 12:47:37.337  INFO 1644 --- [           main] e.u.c.e.t.MockCurrentUserServiceImpl     : ************** ALERT **********************
2024-01-19 12:47:37.337  INFO 1644 --- [           main] e.u.c.e.t.MockCurrentUserServiceImpl     : ************* MOCK USER********************
2024-01-19 12:47:37.337  INFO 1644 --- [           main] e.u.c.e.t.MockCurrentUserServiceImpl     : authentication=UsernamePasswordAuthenticationToken [Principal=org.springframework.security.core.userdetails.User [Username=user, Password=[PROTECTED], Enabled=true, AccountNonExpired=true, credentialsNonExpired=true, AccountNonLocked=true, Granted Authorities=[ROLE_USER]], Credentials=[PROTECTED], Authenticated=true, Details=null, Granted Authorities=[ROLE_USER]]
2024-01-19 12:47:37.337  INFO 1644 --- [           main] e.u.c.e.t.MockCurrentUserServiceImpl     : securityContext=SecurityContextImpl [Authentication=UsernamePasswordAuthenticationToken [Principal=org.springframework.security.core.userdetails.User [Username=user, Password=[PROTECTED], Enabled=true, AccountNonExpired=true, credentialsNonExpired=true, AccountNonLocked=true, Granted Authorities=[ROLE_USER]], Credentials=[PROTECTED], Authenticated=true, Details=null, Granted Authorities=[ROLE_USER]]]
2024-01-19 12:47:37.337  INFO 1644 --- [           main] e.u.c.e.t.MockCurrentUserServiceImpl     : principal=org.springframework.security.core.userdetails.User [Username=user, Password=[PROTECTED], Enabled=true, AccountNonExpired=true, credentialsNonExpired=true, AccountNonLocked=true, Granted Authorities=[ROLE_USER]]
2024-01-19 12:47:37.337  INFO 1644 --- [           main] e.u.c.e.t.MockCurrentUserServiceImpl     : user (spring security) =org.springframework.security.core.userdetails.User [Username=user, Password=[PROTECTED], Enabled=true, AccountNonExpired=true, credentialsNonExpired=true, AccountNonLocked=true, Granted Authorities=[ROLE_USER]]
2024-01-19 12:47:37.337  INFO 1644 --- [           main] e.u.c.e.t.MockCurrentUserServiceImpl     : u (our custom user entity)=User(id=1, email=user@example.org, googleSub=fake_user, pictureUrl=https://example.org/user.jpg, fullName=Fake user, givenName=Fake, familyName=user, emailVerified=true, locale=, hostedDomain=example.org, admin=false)
2024-01-19 12:47:37.338  INFO 1644 --- [           main] e.u.c.e.t.MockCurrentUserServiceImpl     : ************** END ALERT ******************
2024-01-19 12:47:37.338  INFO 1644 --- [           main] e.u.c.e.s.GrantedAuthoritiesService      : authorities=[ROLE_USER]
2024-01-19 12:47:37.338  INFO 1644 --- [           main] e.u.c.e.services.CurrentUserServiceImpl  : getCurrentUser returns CurrentUser(user=User(id=1, email=user@example.org, googleSub=fake_user, pictureUrl=https://example.org/user.jpg, fullName=Fake user, givenName=Fake, familyName=user, emailVerified=true, locale=, hostedDomain=example.org, admin=false), roles=[ROLE_USER])
2024-01-19 12:47:37.363  INFO 1644 --- [           main] e.u.c.e.t.MockCurrentUserServiceImpl     : principal instance of org.springframework.security.core.userdetails.User
2024-01-19 12:47:37.363  INFO 1644 --- [           main] e.u.c.e.t.MockCurrentUserServiceImpl     : ************** ALERT **********************
2024-01-19 12:47:37.363  INFO 1644 --- [           main] e.u.c.e.t.MockCurrentUserServiceImpl     : ************* MOCK USER********************
2024-01-19 12:47:37.363  INFO 1644 --- [           main] e.u.c.e.t.MockCurrentUserServiceImpl     : authentication=UsernamePasswordAuthenticationToken [Principal=org.springframework.security.core.userdetails.User [Username=user, Password=[PROTECTED], Enabled=true, AccountNonExpired=true, credentialsNonExpired=true, AccountNonLocked=true, Granted Authorities=[ROLE_USER]], Credentials=[PROTECTED], Authenticated=true, Details=null, Granted Authorities=[ROLE_USER]]
2024-01-19 12:47:37.363  INFO 1644 --- [           main] e.u.c.e.t.MockCurrentUserServiceImpl     : securityContext=SecurityContextImpl [Authentication=UsernamePasswordAuthenticationToken [Principal=org.springframework.security.core.userdetails.User [Username=user, Password=[PROTECTED], Enabled=true, AccountNonExpired=true, credentialsNonExpired=true, AccountNonLocked=true, Granted Authorities=[ROLE_USER]], Credentials=[PROTECTED], Authenticated=true, Details=null, Granted Authorities=[ROLE_USER]]]
2024-01-19 12:47:37.363  INFO 1644 --- [           main] e.u.c.e.t.MockCurrentUserServiceImpl     : principal=org.springframework.security.core.userdetails.User [Username=user, Password=[PROTECTED], Enabled=true, AccountNonExpired=true, credentialsNonExpired=true, AccountNonLocked=true, Granted Authorities=[ROLE_USER]]
2024-01-19 12:47:37.363  INFO 1644 --- [           main] e.u.c.e.t.MockCurrentUserServiceImpl     : user (spring security) =org.springframework.security.core.userdetails.User [Username=user, Password=[PROTECTED], Enabled=true, AccountNonExpired=true, credentialsNonExpired=true, AccountNonLocked=true, Granted Authorities=[ROLE_USER]]
2024-01-19 12:47:37.363  INFO 1644 --- [           main] e.u.c.e.t.MockCurrentUserServiceImpl     : u (our custom user entity)=User(id=1, email=user@example.org, googleSub=fake_user, pictureUrl=https://example.org/user.jpg, fullName=Fake user, givenName=Fake, familyName=user, emailVerified=true, locale=, hostedDomain=example.org, admin=false)
2024-01-19 12:47:37.363  INFO 1644 --- [           main] e.u.c.e.t.MockCurrentUserServiceImpl     : ************** END ALERT ******************
2024-01-19 12:47:37.363  INFO 1644 --- [           main] e.u.c.e.s.GrantedAuthoritiesService      : authorities=[ROLE_USER]
2024-01-19 12:47:37.363  INFO 1644 --- [           main] e.u.c.e.services.CurrentUserServiceImpl  : getCurrentUser returns CurrentUser(user=User(id=1, email=user@example.org, googleSub=fake_user, pictureUrl=https://example.org/user.jpg, fullName=Fake user, givenName=Fake, familyName=user, emailVerified=true, locale=, hostedDomain=example.org, admin=false), roles=[ROLE_USER])
2024-01-19 12:47:37.365  INFO 1644 --- [           main] e.u.c.e.t.MockCurrentUserServiceImpl     : principal instance of org.springframework.security.core.userdetails.User
2024-01-19 12:47:37.365  INFO 1644 --- [           main] e.u.c.e.t.MockCurrentUserServiceImpl     : ************** ALERT **********************
2024-01-19 12:47:37.365  INFO 1644 --- [           main] e.u.c.e.t.MockCurrentUserServiceImpl     : ************* MOCK USER********************
2024-01-19 12:47:37.365  INFO 1644 --- [           main] e.u.c.e.t.MockCurrentUserServiceImpl     : authentication=UsernamePasswordAuthenticationToken [Principal=org.springframework.security.core.userdetails.User [Username=user, Password=[PROTECTED], Enabled=true, AccountNonExpired=true, credentialsNonExpired=true, AccountNonLocked=true, Granted Authorities=[ROLE_USER]], Credentials=[PROTECTED], Authenticated=true, Details=null, Granted Authorities=[ROLE_USER]]
2024-01-19 12:47:37.365  INFO 1644 --- [           main] e.u.c.e.t.MockCurrentUserServiceImpl     : securityContext=SecurityContextImpl [Authentication=UsernamePasswordAuthenticationToken [Principal=org.springframework.security.core.userdetails.User [Username=user, Password=[PROTECTED], Enabled=true, AccountNonExpired=true, credentialsNonExpired=true, AccountNonLocked=true, Granted Authorities=[ROLE_USER]], Credentials=[PROTECTED], Authenticated=true, Details=null, Granted Authorities=[ROLE_USER]]]
2024-01-19 12:47:37.365  INFO 1644 --- [           main] e.u.c.e.t.MockCurrentUserServiceImpl     : principal=org.springframework.security.core.userdetails.User [Username=user, Password=[PROTECTED], Enabled=true, AccountNonExpired=true, credentialsNonExpired=true, AccountNonLocked=true, Granted Authorities=[ROLE_USER]]
2024-01-19 12:47:37.365  INFO 1644 --- [           main] e.u.c.e.t.MockCurrentUserServiceImpl     : user (spring security) =org.springframework.security.core.userdetails.User [Username=user, Password=[PROTECTED], Enabled=true, AccountNonExpired=true, credentialsNonExpired=true, AccountNonLocked=true, Granted Authorities=[ROLE_USER]]
2024-01-19 12:47:37.365  INFO 1644 --- [           main] e.u.c.e.t.MockCurrentUserServiceImpl     : u (our custom user entity)=User(id=1, email=user@example.org, googleSub=fake_user, pictureUrl=https://example.org/user.jpg, fullName=Fake user, givenName=Fake, familyName=user, emailVerified=true, locale=, hostedDomain=example.org, admin=false)
2024-01-19 12:47:37.365  INFO 1644 --- [           main] e.u.c.e.t.MockCurrentUserServiceImpl     : ************** END ALERT ******************
2024-01-19 12:47:37.365  INFO 1644 --- [           main] e.u.c.e.s.GrantedAuthoritiesService      : authorities=[ROLE_USER]
2024-01-19 12:47:37.365  INFO 1644 --- [           main] e.u.c.e.services.CurrentUserServiceImpl  : getCurrentUser returns CurrentUser(user=User(id=1, email=user@example.org, googleSub=fake_user, pictureUrl=https://example.org/user.jpg, fullName=Fake user, givenName=Fake, familyName=user, emailVerified=true, locale=, hostedDomain=example.org, admin=false), roles=[ROLE_USER])
2024-01-19 12:47:37.369  INFO 1644 --- [           main] e.u.c.e.t.MockCurrentUserServiceImpl     : principal instance of org.springframework.security.core.userdetails.User
2024-01-19 12:47:37.369  INFO 1644 --- [           main] e.u.c.e.t.MockCurrentUserServiceImpl     : ************** ALERT **********************
2024-01-19 12:47:37.369  INFO 1644 --- [           main] e.u.c.e.t.MockCurrentUserServiceImpl     : ************* MOCK USER********************
2024-01-19 12:47:37.369  INFO 1644 --- [           main] e.u.c.e.t.MockCurrentUserServiceImpl     : authentication=UsernamePasswordAuthenticationToken [Principal=org.springframework.security.core.userdetails.User [Username=user, Password=[PROTECTED], Enabled=true, AccountNonExpired=true, credentialsNonExpired=true, AccountNonLocked=true, Granted Authorities=[ROLE_USER]], Credentials=[PROTECTED], Authenticated=true, Details=null, Granted Authorities=[ROLE_USER]]
2024-01-19 12:47:37.369  INFO 1644 --- [           main] e.u.c.e.t.MockCurrentUserServiceImpl     : securityContext=SecurityContextImpl [Authentication=UsernamePasswordAuthenticationToken [Principal=org.springframework.security.core.userdetails.User [Username=user, Password=[PROTECTED], Enabled=true, AccountNonExpired=true, credentialsNonExpired=true, AccountNonLocked=true, Granted Authorities=[ROLE_USER]], Credentials=[PROTECTED], Authenticated=true, Details=null, Granted Authorities=[ROLE_USER]]]
2024-01-19 12:47:37.369  INFO 1644 --- [           main] e.u.c.e.t.MockCurrentUserServiceImpl     : principal=org.springframework.security.core.userdetails.User [Username=user, Password=[PROTECTED], Enabled=true, AccountNonExpired=true, credentialsNonExpired=true, AccountNonLocked=true, Granted Authorities=[ROLE_USER]]
2024-01-19 12:47:37.369  INFO 1644 --- [           main] e.u.c.e.t.MockCurrentUserServiceImpl     : user (spring security) =org.springframework.security.core.userdetails.User [Username=user, Password=[PROTECTED], Enabled=true, AccountNonExpired=true, credentialsNonExpired=true, AccountNonLocked=true, Granted Authorities=[ROLE_USER]]
2024-01-19 12:47:37.369  INFO 1644 --- [           main] e.u.c.e.t.MockCurrentUserServiceImpl     : u (our custom user entity)=User(id=1, email=user@example.org, googleSub=fake_user, pictureUrl=https://example.org/user.jpg, fullName=Fake user, givenName=Fake, familyName=user, emailVerified=true, locale=, hostedDomain=example.org, admin=false)
2024-01-19 12:47:37.369  INFO 1644 --- [           main] e.u.c.e.t.MockCurrentUserServiceImpl     : ************** END ALERT ******************
2024-01-19 12:47:37.369  INFO 1644 --- [           main] e.u.c.e.s.GrantedAuthoritiesService      : authorities=[ROLE_USER]
2024-01-19 12:47:37.369  INFO 1644 --- [           main] e.u.c.e.services.CurrentUserServiceImpl  : getCurrentUser returns CurrentUser(user=User(id=1, email=user@example.org, googleSub=fake_user, pictureUrl=https://example.org/user.jpg, fullName=Fake user, givenName=Fake, familyName=user, emailVerified=true, locale=, hostedDomain=example.org, admin=false), roles=[ROLE_USER])
2024-01-19 12:47:37.371  INFO 1644 --- [           main] e.u.c.e.t.MockCurrentUserServiceImpl     : principal instance of org.springframework.security.core.userdetails.User
2024-01-19 12:47:37.371  INFO 1644 --- [           main] e.u.c.e.t.MockCurrentUserServiceImpl     : ************** ALERT **********************
2024-01-19 12:47:37.371  INFO 1644 --- [           main] e.u.c.e.t.MockCurrentUserServiceImpl     : ************* MOCK USER********************
2024-01-19 12:47:37.371  INFO 1644 --- [           main] e.u.c.e.t.MockCurrentUserServiceImpl     : authentication=UsernamePasswordAuthenticationToken [Principal=org.springframework.security.core.userdetails.User [Username=user, Password=[PROTECTED], Enabled=true, AccountNonExpired=true, credentialsNonExpired=true, AccountNonLocked=true, Granted Authorities=[ROLE_USER]], Credentials=[PROTECTED], Authenticated=true, Details=null, Granted Authorities=[ROLE_USER]]
2024-01-19 12:47:37.371  INFO 1644 --- [           main] e.u.c.e.t.MockCurrentUserServiceImpl     : securityContext=SecurityContextImpl [Authentication=UsernamePasswordAuthenticationToken [Principal=org.springframework.security.core.userdetails.User [Username=user, Password=[PROTECTED], Enabled=true, AccountNonExpired=true, credentialsNonExpired=true, AccountNonLocked=true, Granted Authorities=[ROLE_USER]], Credentials=[PROTECTED], Authenticated=true, Details=null, Granted Authorities=[ROLE_USER]]]
2024-01-19 12:47:37.371  INFO 1644 --- [           main] e.u.c.e.t.MockCurrentUserServiceImpl     : principal=org.springframework.security.core.userdetails.User [Username=user, Password=[PROTECTED], Enabled=true, AccountNonExpired=true, credentialsNonExpired=true, AccountNonLocked=true, Granted Authorities=[ROLE_USER]]
2024-01-19 12:47:37.371  INFO 1644 --- [           main] e.u.c.e.t.MockCurrentUserServiceImpl     : user (spring security) =org.springframework.security.core.userdetails.User [Username=user, Password=[PROTECTED], Enabled=true, AccountNonExpired=true, credentialsNonExpired=true, AccountNonLocked=true, Granted Authorities=[ROLE_USER]]
2024-01-19 12:47:37.371  INFO 1644 --- [           main] e.u.c.e.t.MockCurrentUserServiceImpl     : u (our custom user entity)=User(id=1, email=user@example.org, googleSub=fake_user, pictureUrl=https://example.org/user.jpg, fullName=Fake user, givenName=Fake, familyName=user, emailVerified=true, locale=, hostedDomain=example.org, admin=false)
2024-01-19 12:47:37.371  INFO 1644 --- [           main] e.u.c.e.t.MockCurrentUserServiceImpl     : ************** END ALERT ******************
2024-01-19 12:47:37.371  INFO 1644 --- [           main] e.u.c.e.s.GrantedAuthoritiesService      : authorities=[ROLE_USER]
2024-01-19 12:47:37.371  INFO 1644 --- [           main] e.u.c.e.services.CurrentUserServiceImpl  : getCurrentUser returns CurrentUser(user=User(id=1, email=user@example.org, googleSub=fake_user, pictureUrl=https://example.org/user.jpg, fullName=Fake user, givenName=Fake, familyName=user, emailVerified=true, locale=, hostedDomain=example.org, admin=false), roles=[ROLE_USER])
2024-01-19 12:47:37.377  INFO 1644 --- [           main] e.u.c.e.t.MockCurrentUserServiceImpl     : principal instance of org.springframework.security.core.userdetails.User
2024-01-19 12:47:37.377  INFO 1644 --- [           main] e.u.c.e.t.MockCurrentUserServiceImpl     : ************** ALERT **********************
2024-01-19 12:47:37.377  INFO 1644 --- [           main] e.u.c.e.t.MockCurrentUserServiceImpl     : ************* MOCK USER********************
2024-01-19 12:47:37.377  INFO 1644 --- [           main] e.u.c.e.t.MockCurrentUserServiceImpl     : authentication=UsernamePasswordAuthenticationToken [Principal=org.springframework.security.core.userdetails.User [Username=user, Password=[PROTECTED], Enabled=true, AccountNonExpired=true, credentialsNonExpired=true, AccountNonLocked=true, Granted Authorities=[ROLE_USER]], Credentials=[PROTECTED], Authenticated=true, Details=null, Granted Authorities=[ROLE_USER]]
2024-01-19 12:47:37.377  INFO 1644 --- [           main] e.u.c.e.t.MockCurrentUserServiceImpl     : securityContext=SecurityContextImpl [Authentication=UsernamePasswordAuthenticationToken [Principal=org.springframework.security.core.userdetails.User [Username=user, Password=[PROTECTED], Enabled=true, AccountNonExpired=true, credentialsNonExpired=true, AccountNonLocked=true, Granted Authorities=[ROLE_USER]], Credentials=[PROTECTED], Authenticated=true, Details=null, Granted Authorities=[ROLE_USER]]]
2024-01-19 12:47:37.377  INFO 1644 --- [           main] e.u.c.e.t.MockCurrentUserServiceImpl     : principal=org.springframework.security.core.userdetails.User [Username=user, Password=[PROTECTED], Enabled=true, AccountNonExpired=true, credentialsNonExpired=true, AccountNonLocked=true, Granted Authorities=[ROLE_USER]]
2024-01-19 12:47:37.377  INFO 1644 --- [           main] e.u.c.e.t.MockCurrentUserServiceImpl     : user (spring security) =org.springframework.security.core.userdetails.User [Username=user, Password=[PROTECTED], Enabled=true, AccountNonExpired=true, credentialsNonExpired=true, AccountNonLocked=true, Granted Authorities=[ROLE_USER]]
2024-01-19 12:47:37.377  INFO 1644 --- [           main] e.u.c.e.t.MockCurrentUserServiceImpl     : u (our custom user entity)=User(id=1, email=user@example.org, googleSub=fake_user, pictureUrl=https://example.org/user.jpg, fullName=Fake user, givenName=Fake, familyName=user, emailVerified=true, locale=, hostedDomain=example.org, admin=false)
2024-01-19 12:47:37.377  INFO 1644 --- [           main] e.u.c.e.t.MockCurrentUserServiceImpl     : ************** END ALERT ******************
2024-01-19 12:47:37.377  INFO 1644 --- [           main] e.u.c.e.s.GrantedAuthoritiesService      : authorities=[ROLE_USER]
2024-01-19 12:47:37.377  INFO 1644 --- [           main] e.u.c.e.services.CurrentUserServiceImpl  : getCurrentUser returns CurrentUser(user=User(id=1, email=user@example.org, googleSub=fake_user, pictureUrl=https://example.org/user.jpg, fullName=Fake user, givenName=Fake, familyName=user, emailVerified=true, locale=, hostedDomain=example.org, admin=false), roles=[ROLE_USER])
2024-01-19 12:47:37.378  INFO 1644 --- [           main] e.u.c.e.t.MockCurrentUserServiceImpl     : principal instance of org.springframework.security.core.userdetails.User
2024-01-19 12:47:37.378  INFO 1644 --- [           main] e.u.c.e.t.MockCurrentUserServiceImpl     : ************** ALERT **********************
2024-01-19 12:47:37.378  INFO 1644 --- [           main] e.u.c.e.t.MockCurrentUserServiceImpl     : ************* MOCK USER********************
2024-01-19 12:47:37.378  INFO 1644 --- [           main] e.u.c.e.t.MockCurrentUserServiceImpl     : authentication=UsernamePasswordAuthenticationToken [Principal=org.springframework.security.core.userdetails.User [Username=user, Password=[PROTECTED], Enabled=true, AccountNonExpired=true, credentialsNonExpired=true, AccountNonLocked=true, Granted Authorities=[ROLE_USER]], Credentials=[PROTECTED], Authenticated=true, Details=null, Granted Authorities=[ROLE_USER]]
2024-01-19 12:47:37.378  INFO 1644 --- [           main] e.u.c.e.t.MockCurrentUserServiceImpl     : securityContext=SecurityContextImpl [Authentication=UsernamePasswordAuthenticationToken [Principal=org.springframework.security.core.userdetails.User [Username=user, Password=[PROTECTED], Enabled=true, AccountNonExpired=true, credentialsNonExpired=true, AccountNonLocked=true, Granted Authorities=[ROLE_USER]], Credentials=[PROTECTED], Authenticated=true, Details=null, Granted Authorities=[ROLE_USER]]]
2024-01-19 12:47:37.379  INFO 1644 --- [           main] e.u.c.e.t.MockCurrentUserServiceImpl     : principal=org.springframework.security.core.userdetails.User [Username=user, Password=[PROTECTED], Enabled=true, AccountNonExpired=true, credentialsNonExpired=true, AccountNonLocked=true, Granted Authorities=[ROLE_USER]]
2024-01-19 12:47:37.379  INFO 1644 --- [           main] e.u.c.e.t.MockCurrentUserServiceImpl     : user (spring security) =org.springframework.security.core.userdetails.User [Username=user, Password=[PROTECTED], Enabled=true, AccountNonExpired=true, credentialsNonExpired=true, AccountNonLocked=true, Granted Authorities=[ROLE_USER]]
2024-01-19 12:47:37.379  INFO 1644 --- [           main] e.u.c.e.t.MockCurrentUserServiceImpl     : u (our custom user entity)=User(id=1, email=user@example.org, googleSub=fake_user, pictureUrl=https://example.org/user.jpg, fullName=Fake user, givenName=Fake, familyName=user, emailVerified=true, locale=, hostedDomain=example.org, admin=false)
2024-01-19 12:47:37.379  INFO 1644 --- [           main] e.u.c.e.t.MockCurrentUserServiceImpl     : ************** END ALERT ******************
2024-01-19 12:47:37.379  INFO 1644 --- [           main] e.u.c.e.s.GrantedAuthoritiesService      : authorities=[ROLE_USER]
2024-01-19 12:47:37.379  INFO 1644 --- [           main] e.u.c.e.services.CurrentUserServiceImpl  : getCurrentUser returns CurrentUser(user=User(id=1, email=user@example.org, googleSub=fake_user, pictureUrl=https://example.org/user.jpg, fullName=Fake user, givenName=Fake, familyName=user, emailVerified=true, locale=, hostedDomain=example.org, admin=false), roles=[ROLE_USER])
2024-01-19 12:47:37.382  INFO 1644 --- [           main] e.u.c.e.t.MockCurrentUserServiceImpl     : principal instance of org.springframework.security.core.userdetails.User
2024-01-19 12:47:37.382  INFO 1644 --- [           main] e.u.c.e.t.MockCurrentUserServiceImpl     : ************** ALERT **********************
2024-01-19 12:47:37.382  INFO 1644 --- [           main] e.u.c.e.t.MockCurrentUserServiceImpl     : ************* MOCK USER********************
2024-01-19 12:47:37.382  INFO 1644 --- [           main] e.u.c.e.t.MockCurrentUserServiceImpl     : authentication=UsernamePasswordAuthenticationToken [Principal=org.springframework.security.core.userdetails.User [Username=user, Password=[PROTECTED], Enabled=true, AccountNonExpired=true, credentialsNonExpired=true, AccountNonLocked=true, Granted Authorities=[ROLE_USER]], Credentials=[PROTECTED], Authenticated=true, Details=null, Granted Authorities=[ROLE_USER]]
2024-01-19 12:47:37.384  INFO 1644 --- [           main] e.u.c.e.t.MockCurrentUserServiceImpl     : securityContext=SecurityContextImpl [Authentication=UsernamePasswordAuthenticationToken [Principal=org.springframework.security.core.userdetails.User [Username=user, Password=[PROTECTED], Enabled=true, AccountNonExpired=true, credentialsNonExpired=true, AccountNonLocked=true, Granted Authorities=[ROLE_USER]], Credentials=[PROTECTED], Authenticated=true, Details=null, Granted Authorities=[ROLE_USER]]]
2024-01-19 12:47:37.384  INFO 1644 --- [           main] e.u.c.e.t.MockCurrentUserServiceImpl     : principal=org.springframework.security.core.userdetails.User [Username=user, Password=[PROTECTED], Enabled=true, AccountNonExpired=true, credentialsNonExpired=true, AccountNonLocked=true, Granted Authorities=[ROLE_USER]]
2024-01-19 12:47:37.384  INFO 1644 --- [           main] e.u.c.e.t.MockCurrentUserServiceImpl     : user (spring security) =org.springframework.security.core.userdetails.User [Username=user, Password=[PROTECTED], Enabled=true, AccountNonExpired=true, credentialsNonExpired=true, AccountNonLocked=true, Granted Authorities=[ROLE_USER]]
2024-01-19 12:47:37.384  INFO 1644 --- [           main] e.u.c.e.t.MockCurrentUserServiceImpl     : u (our custom user entity)=User(id=1, email=user@example.org, googleSub=fake_user, pictureUrl=https://example.org/user.jpg, fullName=Fake user, givenName=Fake, familyName=user, emailVerified=true, locale=, hostedDomain=example.org, admin=false)
2024-01-19 12:47:37.384  INFO 1644 --- [           main] e.u.c.e.t.MockCurrentUserServiceImpl     : ************** END ALERT ******************
2024-01-19 12:47:37.384  INFO 1644 --- [           main] e.u.c.e.s.GrantedAuthoritiesService      : authorities=[ROLE_USER]
2024-01-19 12:47:37.384  INFO 1644 --- [           main] e.u.c.e.services.CurrentUserServiceImpl  : getCurrentUser returns CurrentUser(user=User(id=1, email=user@example.org, googleSub=fake_user, pictureUrl=https://example.org/user.jpg, fullName=Fake user, givenName=Fake, familyName=user, emailVerified=true, locale=, hostedDomain=example.org, admin=false), roles=[ROLE_USER])
2024-01-19 12:47:37.385  INFO 1644 --- [           main] e.u.c.e.t.MockCurrentUserServiceImpl     : principal instance of org.springframework.security.core.userdetails.User
2024-01-19 12:47:37.385  INFO 1644 --- [           main] e.u.c.e.t.MockCurrentUserServiceImpl     : ************** ALERT **********************
2024-01-19 12:47:37.385  INFO 1644 --- [           main] e.u.c.e.t.MockCurrentUserServiceImpl     : ************* MOCK USER********************
2024-01-19 12:47:37.385  INFO 1644 --- [           main] e.u.c.e.t.MockCurrentUserServiceImpl     : authentication=UsernamePasswordAuthenticationToken [Principal=org.springframework.security.core.userdetails.User [Username=user, Password=[PROTECTED], Enabled=true, AccountNonExpired=true, credentialsNonExpired=true, AccountNonLocked=true, Granted Authorities=[ROLE_USER]], Credentials=[PROTECTED], Authenticated=true, Details=null, Granted Authorities=[ROLE_USER]]
2024-01-19 12:47:37.385  INFO 1644 --- [           main] e.u.c.e.t.MockCurrentUserServiceImpl     : securityContext=SecurityContextImpl [Authentication=UsernamePasswordAuthenticationToken [Principal=org.springframework.security.core.userdetails.User [Username=user, Password=[PROTECTED], Enabled=true, AccountNonExpired=true, credentialsNonExpired=true, AccountNonLocked=true, Granted Authorities=[ROLE_USER]], Credentials=[PROTECTED], Authenticated=true, Details=null, Granted Authorities=[ROLE_USER]]]
2024-01-19 12:47:37.385  INFO 1644 --- [           main] e.u.c.e.t.MockCurrentUserServiceImpl     : principal=org.springframework.security.core.userdetails.User [Username=user, Password=[PROTECTED], Enabled=true, AccountNonExpired=true, credentialsNonExpired=true, AccountNonLocked=true, Granted Authorities=[ROLE_USER]]
2024-01-19 12:47:37.385  INFO 1644 --- [           main] e.u.c.e.t.MockCurrentUserServiceImpl     : user (spring security) =org.springframework.security.core.userdetails.User [Username=user, Password=[PROTECTED], Enabled=true, AccountNonExpired=true, credentialsNonExpired=true, AccountNonLocked=true, Granted Authorities=[ROLE_USER]]
2024-01-19 12:47:37.385  INFO 1644 --- [           main] e.u.c.e.t.MockCurrentUserServiceImpl     : u (our custom user entity)=User(id=1, email=user@example.org, googleSub=fake_user, pictureUrl=https://example.org/user.jpg, fullName=Fake user, givenName=Fake, familyName=user, emailVerified=true, locale=, hostedDomain=example.org, admin=false)
2024-01-19 12:47:37.385  INFO 1644 --- [           main] e.u.c.e.t.MockCurrentUserServiceImpl     : ************** END ALERT ******************
2024-01-19 12:47:37.385  INFO 1644 --- [           main] e.u.c.e.s.GrantedAuthoritiesService      : authorities=[ROLE_USER]
2024-01-19 12:47:37.385  INFO 1644 --- [           main] e.u.c.e.services.CurrentUserServiceImpl  : getCurrentUser returns CurrentUser(user=User(id=1, email=user@example.org, googleSub=fake_user, pictureUrl=https://example.org/user.jpg, fullName=Fake user, givenName=Fake, familyName=user, emailVerified=true, locale=, hostedDomain=example.org, admin=false), roles=[ROLE_USER])
2024-01-19 12:47:37.388  INFO 1644 --- [           main] e.u.c.e.t.MockCurrentUserServiceImpl     : principal instance of org.springframework.security.core.userdetails.User
2024-01-19 12:47:37.388  INFO 1644 --- [           main] e.u.c.e.t.MockCurrentUserServiceImpl     : ************** ALERT **********************
2024-01-19 12:47:37.388  INFO 1644 --- [           main] e.u.c.e.t.MockCurrentUserServiceImpl     : ************* MOCK USER********************
2024-01-19 12:47:37.388  INFO 1644 --- [           main] e.u.c.e.t.MockCurrentUserServiceImpl     : authentication=UsernamePasswordAuthenticationToken [Principal=org.springframework.security.core.userdetails.User [Username=user, Password=[PROTECTED], Enabled=true, AccountNonExpired=true, credentialsNonExpired=true, AccountNonLocked=true, Granted Authorities=[ROLE_USER]], Credentials=[PROTECTED], Authenticated=true, Details=null, Granted Authorities=[ROLE_USER]]
2024-01-19 12:47:37.388  INFO 1644 --- [           main] e.u.c.e.t.MockCurrentUserServiceImpl     : securityContext=SecurityContextImpl [Authentication=UsernamePasswordAuthenticationToken [Principal=org.springframework.security.core.userdetails.User [Username=user, Password=[PROTECTED], Enabled=true, AccountNonExpired=true, credentialsNonExpired=true, AccountNonLocked=true, Granted Authorities=[ROLE_USER]], Credentials=[PROTECTED], Authenticated=true, Details=null, Granted Authorities=[ROLE_USER]]]
2024-01-19 12:47:37.388  INFO 1644 --- [           main] e.u.c.e.t.MockCurrentUserServiceImpl     : principal=org.springframework.security.core.userdetails.User [Username=user, Password=[PROTECTED], Enabled=true, AccountNonExpired=true, credentialsNonExpired=true, AccountNonLocked=true, Granted Authorities=[ROLE_USER]]
2024-01-19 12:47:37.388  INFO 1644 --- [           main] e.u.c.e.t.MockCurrentUserServiceImpl     : user (spring security) =org.springframework.security.core.userdetails.User [Username=user, Password=[PROTECTED], Enabled=true, AccountNonExpired=true, credentialsNonExpired=true, AccountNonLocked=true, Granted Authorities=[ROLE_USER]]
2024-01-19 12:47:37.388  INFO 1644 --- [           main] e.u.c.e.t.MockCurrentUserServiceImpl     : u (our custom user entity)=User(id=1, email=user@example.org, googleSub=fake_user, pictureUrl=https://example.org/user.jpg, fullName=Fake user, givenName=Fake, familyName=user, emailVerified=true, locale=, hostedDomain=example.org, admin=false)
2024-01-19 12:47:37.388  INFO 1644 --- [           main] e.u.c.e.t.MockCurrentUserServiceImpl     : ************** END ALERT ******************
2024-01-19 12:47:37.388  INFO 1644 --- [           main] e.u.c.e.s.GrantedAuthoritiesService      : authorities=[ROLE_USER]
2024-01-19 12:47:37.388  INFO 1644 --- [           main] e.u.c.e.services.CurrentUserServiceImpl  : getCurrentUser returns CurrentUser(user=User(id=1, email=user@example.org, googleSub=fake_user, pictureUrl=https://example.org/user.jpg, fullName=Fake user, givenName=Fake, familyName=user, emailVerified=true, locale=, hostedDomain=example.org, admin=false), roles=[ROLE_USER])
2024-01-19 12:47:37.390  INFO 1644 --- [           main] e.u.c.e.t.MockCurrentUserServiceImpl     : principal instance of org.springframework.security.core.userdetails.User
2024-01-19 12:47:37.390  INFO 1644 --- [           main] e.u.c.e.t.MockCurrentUserServiceImpl     : ************** ALERT **********************
2024-01-19 12:47:37.390  INFO 1644 --- [           main] e.u.c.e.t.MockCurrentUserServiceImpl     : ************* MOCK USER********************
2024-01-19 12:47:37.390  INFO 1644 --- [           main] e.u.c.e.t.MockCurrentUserServiceImpl     : authentication=UsernamePasswordAuthenticationToken [Principal=org.springframework.security.core.userdetails.User [Username=user, Password=[PROTECTED], Enabled=true, AccountNonExpired=true, credentialsNonExpired=true, AccountNonLocked=true, Granted Authorities=[ROLE_USER]], Credentials=[PROTECTED], Authenticated=true, Details=null, Granted Authorities=[ROLE_USER]]
2024-01-19 12:47:37.390  INFO 1644 --- [           main] e.u.c.e.t.MockCurrentUserServiceImpl     : securityContext=SecurityContextImpl [Authentication=UsernamePasswordAuthenticationToken [Principal=org.springframework.security.core.userdetails.User [Username=user, Password=[PROTECTED], Enabled=true, AccountNonExpired=true, credentialsNonExpired=true, AccountNonLocked=true, Granted Authorities=[ROLE_USER]], Credentials=[PROTECTED], Authenticated=true, Details=null, Granted Authorities=[ROLE_USER]]]
2024-01-19 12:47:37.390  INFO 1644 --- [           main] e.u.c.e.t.MockCurrentUserServiceImpl     : principal=org.springframework.security.core.userdetails.User [Username=user, Password=[PROTECTED], Enabled=true, AccountNonExpired=true, credentialsNonExpired=true, AccountNonLocked=true, Granted Authorities=[ROLE_USER]]
2024-01-19 12:47:37.390  INFO 1644 --- [           main] e.u.c.e.t.MockCurrentUserServiceImpl     : user (spring security) =org.springframework.security.core.userdetails.User [Username=user, Password=[PROTECTED], Enabled=true, AccountNonExpired=true, credentialsNonExpired=true, AccountNonLocked=true, Granted Authorities=[ROLE_USER]]
2024-01-19 12:47:37.390  INFO 1644 --- [           main] e.u.c.e.t.MockCurrentUserServiceImpl     : u (our custom user entity)=User(id=1, email=user@example.org, googleSub=fake_user, pictureUrl=https://example.org/user.jpg, fullName=Fake user, givenName=Fake, familyName=user, emailVerified=true, locale=, hostedDomain=example.org, admin=false)
2024-01-19 12:47:37.390  INFO 1644 --- [           main] e.u.c.e.t.MockCurrentUserServiceImpl     : ************** END ALERT ******************
2024-01-19 12:47:37.390  INFO 1644 --- [           main] e.u.c.e.s.GrantedAuthoritiesService      : authorities=[ROLE_USER]
2024-01-19 12:47:37.390  INFO 1644 --- [           main] e.u.c.e.services.CurrentUserServiceImpl  : getCurrentUser returns CurrentUser(user=User(id=1, email=user@example.org, googleSub=fake_user, pictureUrl=https://example.org/user.jpg, fullName=Fake user, givenName=Fake, familyName=user, emailVerified=true, locale=, hostedDomain=example.org, admin=false), roles=[ROLE_USER])
2024-01-19 12:47:37.394  INFO 1644 --- [           main] e.u.c.e.t.MockCurrentUserServiceImpl     : principal instance of org.springframework.security.core.userdetails.User
2024-01-19 12:47:37.394  INFO 1644 --- [           main] e.u.c.e.t.MockCurrentUserServiceImpl     : ************** ALERT **********************
2024-01-19 12:47:37.394  INFO 1644 --- [           main] e.u.c.e.t.MockCurrentUserServiceImpl     : ************* MOCK USER********************
2024-01-19 12:47:37.394  INFO 1644 --- [           main] e.u.c.e.t.MockCurrentUserServiceImpl     : authentication=UsernamePasswordAuthenticationToken [Principal=org.springframework.security.core.userdetails.User [Username=user, Password=[PROTECTED], Enabled=true, AccountNonExpired=true, credentialsNonExpired=true, AccountNonLocked=true, Granted Authorities=[ROLE_USER]], Credentials=[PROTECTED], Authenticated=true, Details=null, Granted Authorities=[ROLE_USER]]
2024-01-19 12:47:37.394  INFO 1644 --- [           main] e.u.c.e.t.MockCurrentUserServiceImpl     : securityContext=SecurityContextImpl [Authentication=UsernamePasswordAuthenticationToken [Principal=org.springframework.security.core.userdetails.User [Username=user, Password=[PROTECTED], Enabled=true, AccountNonExpired=true, credentialsNonExpired=true, AccountNonLocked=true, Granted Authorities=[ROLE_USER]], Credentials=[PROTECTED], Authenticated=true, Details=null, Granted Authorities=[ROLE_USER]]]
2024-01-19 12:47:37.394  INFO 1644 --- [           main] e.u.c.e.t.MockCurrentUserServiceImpl     : principal=org.springframework.security.core.userdetails.User [Username=user, Password=[PROTECTED], Enabled=true, AccountNonExpired=true, credentialsNonExpired=true, AccountNonLocked=true, Granted Authorities=[ROLE_USER]]
2024-01-19 12:47:37.394  INFO 1644 --- [           main] e.u.c.e.t.MockCurrentUserServiceImpl     : user (spring security) =org.springframework.security.core.userdetails.User [Username=user, Password=[PROTECTED], Enabled=true, AccountNonExpired=true, credentialsNonExpired=true, AccountNonLocked=true, Granted Authorities=[ROLE_USER]]
2024-01-19 12:47:37.394  INFO 1644 --- [           main] e.u.c.e.t.MockCurrentUserServiceImpl     : u (our custom user entity)=User(id=1, email=user@example.org, googleSub=fake_user, pictureUrl=https://example.org/user.jpg, fullName=Fake user, givenName=Fake, familyName=user, emailVerified=true, locale=, hostedDomain=example.org, admin=false)
2024-01-19 12:47:37.394  INFO 1644 --- [           main] e.u.c.e.t.MockCurrentUserServiceImpl     : ************** END ALERT ******************
2024-01-19 12:47:37.394  INFO 1644 --- [           main] e.u.c.e.s.GrantedAuthoritiesService      : authorities=[ROLE_USER]
2024-01-19 12:47:37.394  INFO 1644 --- [           main] e.u.c.e.services.CurrentUserServiceImpl  : getCurrentUser returns CurrentUser(user=User(id=1, email=user@example.org, googleSub=fake_user, pictureUrl=https://example.org/user.jpg, fullName=Fake user, givenName=Fake, familyName=user, emailVerified=true, locale=, hostedDomain=example.org, admin=false), roles=[ROLE_USER])
2024-01-19 12:47:37.396  INFO 1644 --- [           main] e.u.c.e.t.MockCurrentUserServiceImpl     : principal instance of org.springframework.security.core.userdetails.User
2024-01-19 12:47:37.396  INFO 1644 --- [           main] e.u.c.e.t.MockCurrentUserServiceImpl     : ************** ALERT **********************
2024-01-19 12:47:37.396  INFO 1644 --- [           main] e.u.c.e.t.MockCurrentUserServiceImpl     : ************* MOCK USER********************
2024-01-19 12:47:37.396  INFO 1644 --- [           main] e.u.c.e.t.MockCurrentUserServiceImpl     : authentication=UsernamePasswordAuthenticationToken [Principal=org.springframework.security.core.userdetails.User [Username=user, Password=[PROTECTED], Enabled=true, AccountNonExpired=true, credentialsNonExpired=true, AccountNonLocked=true, Granted Authorities=[ROLE_USER]], Credentials=[PROTECTED], Authenticated=true, Details=null, Granted Authorities=[ROLE_USER]]
2024-01-19 12:47:37.396  INFO 1644 --- [           main] e.u.c.e.t.MockCurrentUserServiceImpl     : securityContext=SecurityContextImpl [Authentication=UsernamePasswordAuthenticationToken [Principal=org.springframework.security.core.userdetails.User [Username=user, Password=[PROTECTED], Enabled=true, AccountNonExpired=true, credentialsNonExpired=true, AccountNonLocked=true, Granted Authorities=[ROLE_USER]], Credentials=[PROTECTED], Authenticated=true, Details=null, Granted Authorities=[ROLE_USER]]]
2024-01-19 12:47:37.396  INFO 1644 --- [           main] e.u.c.e.t.MockCurrentUserServiceImpl     : principal=org.springframework.security.core.userdetails.User [Username=user, Password=[PROTECTED], Enabled=true, AccountNonExpired=true, credentialsNonExpired=true, AccountNonLocked=true, Granted Authorities=[ROLE_USER]]
2024-01-19 12:47:37.396  INFO 1644 --- [           main] e.u.c.e.t.MockCurrentUserServiceImpl     : user (spring security) =org.springframework.security.core.userdetails.User [Username=user, Password=[PROTECTED], Enabled=true, AccountNonExpired=true, credentialsNonExpired=true, AccountNonLocked=true, Granted Authorities=[ROLE_USER]]
2024-01-19 12:47:37.396  INFO 1644 --- [           main] e.u.c.e.t.MockCurrentUserServiceImpl     : u (our custom user entity)=User(id=1, email=user@example.org, googleSub=fake_user, pictureUrl=https://example.org/user.jpg, fullName=Fake user, givenName=Fake, familyName=user, emailVerified=true, locale=, hostedDomain=example.org, admin=false)
2024-01-19 12:47:37.396  INFO 1644 --- [           main] e.u.c.e.t.MockCurrentUserServiceImpl     : ************** END ALERT ******************
2024-01-19 12:47:37.396  INFO 1644 --- [           main] e.u.c.e.s.GrantedAuthoritiesService      : authorities=[ROLE_USER]
2024-01-19 12:47:37.396  INFO 1644 --- [           main] e.u.c.e.services.CurrentUserServiceImpl  : getCurrentUser returns CurrentUser(user=User(id=1, email=user@example.org, googleSub=fake_user, pictureUrl=https://example.org/user.jpg, fullName=Fake user, givenName=Fake, familyName=user, emailVerified=true, locale=, hostedDomain=example.org, admin=false), roles=[ROLE_USER])
[INFO] Tests run: 25, Failures: 0, Errors: 0, Skipped: 0, Time elapsed: 0.897 s - in edu.ucsb.cs156.example.controllers.TodosControllerTests
[INFO] Running edu.ucsb.cs156.example.controllers.UCSBDatesControllerTests
2024-01-19 12:47:37.404  INFO 1644 --- [           main] .b.t.a.w.s.WebMvcTestContextBootstrapper : Neither @ContextConfiguration nor @ContextHierarchy found for test class [edu.ucsb.cs156.example.controllers.UCSBDatesControllerTests], using SpringBootContextLoader
2024-01-19 12:47:37.405  INFO 1644 --- [           main] o.s.t.c.support.AbstractContextLoader    : Could not detect default resource locations for test class [edu.ucsb.cs156.example.controllers.UCSBDatesControllerTests]: no resource found for suffixes {-context.xml, Context.groovy}.
2024-01-19 12:47:37.405  INFO 1644 --- [           main] t.c.s.AnnotationConfigContextLoaderUtils : Could not detect default configuration classes for test class [edu.ucsb.cs156.example.controllers.UCSBDatesControllerTests]: UCSBDatesControllerTests does not declare any static, non-private, non-final, nested classes annotated with @Configuration.
2024-01-19 12:47:37.407  INFO 1644 --- [           main] .b.t.c.SpringBootTestContextBootstrapper : Found @SpringBootConfiguration edu.ucsb.cs156.example.ExampleApplication for test class edu.ucsb.cs156.example.controllers.UCSBDatesControllerTests
2024-01-19 12:47:37.407  INFO 1644 --- [           main] .b.t.a.w.s.WebMvcTestContextBootstrapper : Loaded default TestExecutionListener class names from location [META-INF/spring.factories]: [org.springframework.boot.test.mock.mockito.MockitoTestExecutionListener, org.springframework.boot.test.mock.mockito.ResetMocksTestExecutionListener, org.springframework.boot.test.autoconfigure.restdocs.RestDocsTestExecutionListener, org.springframework.boot.test.autoconfigure.web.client.MockRestServiceServerResetTestExecutionListener, org.springframework.boot.test.autoconfigure.web.servlet.MockMvcPrintOnlyOnFailureTestExecutionListener, org.springframework.boot.test.autoconfigure.web.servlet.WebDriverTestExecutionListener, org.springframework.boot.test.autoconfigure.webservices.client.MockWebServiceServerTestExecutionListener, org.springframework.test.context.web.ServletTestExecutionListener, org.springframework.test.context.support.DirtiesContextBeforeModesTestExecutionListener, org.springframework.test.context.event.ApplicationEventsTestExecutionListener, org.springframework.test.context.support.DependencyInjectionTestExecutionListener, org.springframework.test.context.support.DirtiesContextTestExecutionListener, org.springframework.test.context.transaction.TransactionalTestExecutionListener, org.springframework.test.context.jdbc.SqlScriptsTestExecutionListener, org.springframework.test.context.event.EventPublishingTestExecutionListener, org.springframework.security.test.context.support.WithSecurityContextTestExecutionListener, org.springframework.security.test.context.support.ReactorContextTestExecutionListener]
2024-01-19 12:47:37.408  INFO 1644 --- [           main] .b.t.a.w.s.WebMvcTestContextBootstrapper : Using TestExecutionListeners: [org.springframework.test.context.web.ServletTestExecutionListener@2f2f6aaa, org.springframework.test.context.support.DirtiesContextBeforeModesTestExecutionListener@7943d3ac, org.springframework.test.context.event.ApplicationEventsTestExecutionListener@3b82fcac, org.springframework.boot.test.mock.mockito.MockitoTestExecutionListener@3a698c66, org.springframework.boot.test.autoconfigure.SpringBootDependencyInjectionTestExecutionListener@6ec7cbbb, org.springframework.test.context.support.DirtiesContextTestExecutionListener@9febb7c, org.springframework.test.context.transaction.TransactionalTestExecutionListener@25354173, org.springframework.test.context.jdbc.SqlScriptsTestExecutionListener@5349e30f, org.springframework.test.context.event.EventPublishingTestExecutionListener@30370ce, org.springframework.security.test.context.support.WithSecurityContextTestExecutionListener@7fda0e89, org.springframework.security.test.context.support.ReactorContextTestExecutionListener@70ebf6d8, org.springframework.boot.test.mock.mockito.ResetMocksTestExecutionListener@6c262251, org.springframework.boot.test.autoconfigure.restdocs.RestDocsTestExecutionListener@74bbaa1b, org.springframework.boot.test.autoconfigure.web.client.MockRestServiceServerResetTestExecutionListener@5b3a4c43, org.springframework.boot.test.autoconfigure.web.servlet.MockMvcPrintOnlyOnFailureTestExecutionListener@74c82cca, org.springframework.boot.test.autoconfigure.web.servlet.WebDriverTestExecutionListener@29a1aca8, org.springframework.boot.test.autoconfigure.webservices.client.MockWebServiceServerTestExecutionListener@e320f5]

  .   ____          _            __ _ _
 /\\ / ___'_ __ _ _(_)_ __  __ _ \ \ \ \
( ( )\___ | '_ | '_| | '_ \/ _` | \ \ \ \
 \\/  ___)| |_)| | | | | || (_| |  ) ) ) )
  '  |____| .__|_| |_|_| |_\__, | / / / /
 =========|_|==============|___/=/_/_/_/
 :: Spring Boot ::                (v2.6.3)

2024-01-19 12:47:37.424  INFO 1644 --- [           main] m.p.springdotenv.DotenvPropertySource    : Initializing Dotenv with DotenvConfig{directory=null, filename=null, ignoreIfMalformed=false, ignoreIfMissing=true, systemProperties=false}
2024-01-19 12:47:37.426  INFO 1644 --- [           main] e.u.c.e.c.UCSBDatesControllerTests       : Starting UCSBDatesControllerTests using Java 17.0.8 on APeng with PID 1644 (started by andre in C:\Users\andre\Downloads\research\jpa03-integration)
2024-01-19 12:47:37.426  INFO 1644 --- [           main] e.u.c.e.c.UCSBDatesControllerTests       : The following profiles are active: test
2024-01-19 12:47:37.666  INFO 1644 --- [           main] o.s.s.web.DefaultSecurityFilterChain     : Will secure Ant [pattern='/h2-console/**'] with []
2024-01-19 12:47:37.712  INFO 1644 --- [           main] o.s.s.web.DefaultSecurityFilterChain     : Will secure any request with [org.springframework.security.web.context.request.async.WebAsyncManagerIntegrationFilter@2a8f3969, org.springframework.security.web.context.SecurityContextPersistenceFilter@5ba3e590, org.springframework.security.web.header.HeaderWriterFilter@14b0a826, org.springframework.security.web.csrf.CsrfFilter@6d692034, org.springframework.security.web.authentication.logout.LogoutFilter@2f024025, org.springframework.security.oauth2.client.web.OAuth2AuthorizationRequestRedirectFilter@e8d54fb, org.springframework.security.oauth2.client.web.OAuth2LoginAuthenticationFilter@221ae367, org.springframework.security.web.savedrequest.RequestCacheAwareFilter@67779915, org.springframework.security.web.servletapi.SecurityContextHolderAwareRequestFilter@566013ec, org.springframework.security.web.authentication.AnonymousAuthenticationFilter@6c35001b, org.springframework.security.web.session.SessionManagementFilter@7fef02d9, org.springframework.security.web.access.ExceptionTranslationFilter@2393ef6e, org.springframework.security.web.access.intercept.FilterSecurityInterceptor@383fc873]
2024-01-19 12:47:37.851  WARN 1644 --- [           main] o.s.b.a.f.FreeMarkerAutoConfiguration    : Cannot find template location(s): [classpath:/templates/] (please add some templates, check your FreeMarker configuration, or set spring.freemarker.checkTemplateLocation=false)
2024-01-19 12:47:37.865  INFO 1644 --- [           main] o.s.b.t.m.w.SpringBootMockServletContext : Initializing Spring TestDispatcherServlet ''
2024-01-19 12:47:37.866  INFO 1644 --- [           main] o.s.t.web.servlet.TestDispatcherServlet  : Initializing Servlet ''
2024-01-19 12:47:37.866  INFO 1644 --- [           main] o.s.t.web.servlet.TestDispatcherServlet  : Completed initialization in 0 ms
2024-01-19 12:47:37.877  INFO 1644 --- [           main] e.u.c.e.c.UCSBDatesControllerTests       : Started UCSBDatesControllerTests in 0.467 seconds (JVM running for 7.192)
2024-01-19 12:47:37.952  INFO 1644 --- [           main] e.u.c.e.controllers.UCSBDatesController  : localDateTime=2022-01-03T00:00
[INFO] Tests run: 13, Failures: 0, Errors: 0, Skipped: 0, Time elapsed: 0.548 s - in edu.ucsb.cs156.example.controllers.UCSBDatesControllerTests
[INFO] Running edu.ucsb.cs156.example.controllers.UserInfoControllerTests
2024-01-19 12:47:37.955  INFO 1644 --- [           main] .b.t.a.w.s.WebMvcTestContextBootstrapper : Neither @ContextConfiguration nor @ContextHierarchy found for test class [edu.ucsb.cs156.example.controllers.UserInfoControllerTests], using SpringBootContextLoader
2024-01-19 12:47:37.956  INFO 1644 --- [           main] o.s.t.c.support.AbstractContextLoader    : Could not detect default resource locations for test class [edu.ucsb.cs156.example.controllers.UserInfoControllerTests]: no resource found for suffixes {-context.xml, Context.groovy}.
2024-01-19 12:47:37.956  INFO 1644 --- [           main] t.c.s.AnnotationConfigContextLoaderUtils : Could not detect default configuration classes for test class [edu.ucsb.cs156.example.controllers.UserInfoControllerTests]: UserInfoControllerTests does not declare any static, non-private, non-final, nested classes annotated with @Configuration.
2024-01-19 12:47:37.957  INFO 1644 --- [           main] .b.t.c.SpringBootTestContextBootstrapper : Found @SpringBootConfiguration edu.ucsb.cs156.example.ExampleApplication for test class edu.ucsb.cs156.example.controllers.UserInfoControllerTests
2024-01-19 12:47:37.957  INFO 1644 --- [           main] .b.t.a.w.s.WebMvcTestContextBootstrapper : Loaded default TestExecutionListener class names from location [META-INF/spring.factories]: [org.springframework.boot.test.mock.mockito.MockitoTestExecutionListener, org.springframework.boot.test.mock.mockito.ResetMocksTestExecutionListener, org.springframework.boot.test.autoconfigure.restdocs.RestDocsTestExecutionListener, org.springframework.boot.test.autoconfigure.web.client.MockRestServiceServerResetTestExecutionListener, org.springframework.boot.test.autoconfigure.web.servlet.MockMvcPrintOnlyOnFailureTestExecutionListener, org.springframework.boot.test.autoconfigure.web.servlet.WebDriverTestExecutionListener, org.springframework.boot.test.autoconfigure.webservices.client.MockWebServiceServerTestExecutionListener, org.springframework.test.context.web.ServletTestExecutionListener, org.springframework.test.context.support.DirtiesContextBeforeModesTestExecutionListener, org.springframework.test.context.event.ApplicationEventsTestExecutionListener, org.springframework.test.context.support.DependencyInjectionTestExecutionListener, org.springframework.test.context.support.DirtiesContextTestExecutionListener, org.springframework.test.context.transaction.TransactionalTestExecutionListener, org.springframework.test.context.jdbc.SqlScriptsTestExecutionListener, org.springframework.test.context.event.EventPublishingTestExecutionListener, org.springframework.security.test.context.support.WithSecurityContextTestExecutionListener, org.springframework.security.test.context.support.ReactorContextTestExecutionListener]
2024-01-19 12:47:37.957  INFO 1644 --- [           main] .b.t.a.w.s.WebMvcTestContextBootstrapper : Using TestExecutionListeners: [org.springframework.test.context.web.ServletTestExecutionListener@480a3ffc, org.springframework.test.context.support.DirtiesContextBeforeModesTestExecutionListener@1e287251, org.springframework.test.context.event.ApplicationEventsTestExecutionListener@74962e6b, org.springframework.boot.test.mock.mockito.MockitoTestExecutionListener@5fed604d, org.springframework.boot.test.autoconfigure.SpringBootDependencyInjectionTestExecutionListener@46014193, org.springframework.test.context.support.DirtiesContextTestExecutionListener@1be609f8, org.springframework.test.context.transaction.TransactionalTestExecutionListener@5e469999, org.springframework.test.context.jdbc.SqlScriptsTestExecutionListener@6a9d7514, org.springframework.test.context.event.EventPublishingTestExecutionListener@26dcac0d, org.springframework.security.test.context.support.WithSecurityContextTestExecutionListener@d5ec8e7, org.springframework.security.test.context.support.ReactorContextTestExecutionListener@67be1284, org.springframework.boot.test.mock.mockito.ResetMocksTestExecutionListener@660afeb2, org.springframework.boot.test.autoconfigure.restdocs.RestDocsTestExecutionListener@25759aba, org.springframework.boot.test.autoconfigure.web.client.MockRestServiceServerResetTestExecutionListener@5e977703, org.springframework.boot.test.autoconfigure.web.servlet.MockMvcPrintOnlyOnFailureTestExecutionListener@492a7467, org.springframework.boot.test.autoconfigure.web.servlet.WebDriverTestExecutionListener@7864ec9e, org.springframework.boot.test.autoconfigure.webservices.client.MockWebServiceServerTestExecutionListener@714d1962]

  .   ____          _            __ _ _
 /\\ / ___'_ __ _ _(_)_ __  __ _ \ \ \ \
( ( )\___ | '_ | '_| | '_ \/ _` | \ \ \ \
 \\/  ___)| |_)| | | | | || (_| |  ) ) ) )
  '  |____| .__|_| |_|_| |_\__, | / / / /
 =========|_|==============|___/=/_/_/_/
 :: Spring Boot ::                (v2.6.3)

2024-01-19 12:47:37.969  INFO 1644 --- [           main] m.p.springdotenv.DotenvPropertySource    : Initializing Dotenv with DotenvConfig{directory=null, filename=null, ignoreIfMalformed=false, ignoreIfMissing=true, systemProperties=false}
2024-01-19 12:47:37.971  INFO 1644 --- [           main] e.u.c.e.c.UserInfoControllerTests        : Starting UserInfoControllerTests using Java 17.0.8 on APeng with PID 1644 (started by andre in C:\Users\andre\Downloads\research\jpa03-integration)
2024-01-19 12:47:37.971  INFO 1644 --- [           main] e.u.c.e.c.UserInfoControllerTests        : The following profiles are active: test
2024-01-19 12:47:38.115  INFO 1644 --- [           main] o.s.s.web.DefaultSecurityFilterChain     : Will secure Ant [pattern='/h2-console/**'] with []
2024-01-19 12:47:38.162  INFO 1644 --- [           main] o.s.s.web.DefaultSecurityFilterChain     : Will secure any request with [org.springframework.security.web.context.request.async.WebAsyncManagerIntegrationFilter@396e897d, org.springframework.security.web.context.SecurityContextPersistenceFilter@4fddc3cb, org.springframework.security.web.header.HeaderWriterFilter@2076a6af, org.springframework.security.web.csrf.CsrfFilter@151f0053, org.springframework.security.web.authentication.logout.LogoutFilter@c2e0be2, org.springframework.security.oauth2.client.web.OAuth2AuthorizationRequestRedirectFilter@6db01b46, org.springframework.security.oauth2.client.web.OAuth2LoginAuthenticationFilter@51793dc1, org.springframework.security.web.savedrequest.RequestCacheAwareFilter@70ed9c7f, org.springframework.security.web.servletapi.SecurityContextHolderAwareRequestFilter@65bb0f13, org.springframework.security.web.authentication.AnonymousAuthenticationFilter@4656c63a, org.springframework.security.web.session.SessionManagementFilter@22ad4255, org.springframework.security.web.access.ExceptionTranslationFilter@47e916, org.springframework.security.web.access.intercept.FilterSecurityInterceptor@1e7c2765]
2024-01-19 12:47:38.311  WARN 1644 --- [           main] o.s.b.a.f.FreeMarkerAutoConfiguration    : Cannot find template location(s): [classpath:/templates/] (please add some templates, check your FreeMarker configuration, or set spring.freemarker.checkTemplateLocation=false)
2024-01-19 12:47:38.327  INFO 1644 --- [           main] o.s.b.t.m.w.SpringBootMockServletContext : Initializing Spring TestDispatcherServlet ''
2024-01-19 12:47:38.327  INFO 1644 --- [           main] o.s.t.web.servlet.TestDispatcherServlet  : Initializing Servlet ''
2024-01-19 12:47:38.329  INFO 1644 --- [           main] o.s.t.web.servlet.TestDispatcherServlet  : Completed initialization in 2 ms
2024-01-19 12:47:38.341  INFO 1644 --- [           main] e.u.c.e.c.UserInfoControllerTests        : Started UserInfoControllerTests in 0.382 seconds (JVM running for 7.655)
2024-01-19 12:47:38.352  INFO 1644 --- [           main] e.u.c.e.t.MockCurrentUserServiceImpl     : principal instance of org.springframework.security.core.userdetails.User
2024-01-19 12:47:38.352  INFO 1644 --- [           main] e.u.c.e.t.MockCurrentUserServiceImpl     : ************** ALERT **********************
2024-01-19 12:47:38.352  INFO 1644 --- [           main] e.u.c.e.t.MockCurrentUserServiceImpl     : ************* MOCK USER********************
2024-01-19 12:47:38.352  INFO 1644 --- [           main] e.u.c.e.t.MockCurrentUserServiceImpl     : authentication=UsernamePasswordAuthenticationToken [Principal=org.springframework.security.core.userdetails.User [Username=user, Password=[PROTECTED], Enabled=true, AccountNonExpired=true, credentialsNonExpired=true, AccountNonLocked=true, Granted Authorities=[ROLE_USER]], Credentials=[PROTECTED], Authenticated=true, Details=null, Granted Authorities=[ROLE_USER]]
2024-01-19 12:47:38.352  INFO 1644 --- [           main] e.u.c.e.t.MockCurrentUserServiceImpl     : securityContext=SecurityContextImpl [Authentication=UsernamePasswordAuthenticationToken [Principal=org.springframework.security.core.userdetails.User [Username=user, Password=[PROTECTED], Enabled=true, AccountNonExpired=true, credentialsNonExpired=true, AccountNonLocked=true, Granted Authorities=[ROLE_USER]], Credentials=[PROTECTED], Authenticated=true, Details=null, Granted Authorities=[ROLE_USER]]]
2024-01-19 12:47:38.352  INFO 1644 --- [           main] e.u.c.e.t.MockCurrentUserServiceImpl     : principal=org.springframework.security.core.userdetails.User [Username=user, Password=[PROTECTED], Enabled=true, AccountNonExpired=true, credentialsNonExpired=true, AccountNonLocked=true, Granted Authorities=[ROLE_USER]]
2024-01-19 12:47:38.352  INFO 1644 --- [           main] e.u.c.e.t.MockCurrentUserServiceImpl     : user (spring security) =org.springframework.security.core.userdetails.User [Username=user, Password=[PROTECTED], Enabled=true, AccountNonExpired=true, credentialsNonExpired=true, AccountNonLocked=true, Granted Authorities=[ROLE_USER]]
2024-01-19 12:47:38.352  INFO 1644 --- [           main] e.u.c.e.t.MockCurrentUserServiceImpl     : u (our custom user entity)=User(id=1, email=user@example.org, googleSub=fake_user, pictureUrl=https://example.org/user.jpg, fullName=Fake user, givenName=Fake, familyName=user, emailVerified=true, locale=, hostedDomain=example.org, admin=false)
2024-01-19 12:47:38.352  INFO 1644 --- [           main] e.u.c.e.t.MockCurrentUserServiceImpl     : ************** END ALERT ******************
2024-01-19 12:47:38.352  INFO 1644 --- [           main] e.u.c.e.s.GrantedAuthoritiesService      : authorities=[ROLE_USER]
2024-01-19 12:47:38.352  INFO 1644 --- [           main] e.u.c.e.services.CurrentUserServiceImpl  : getCurrentUser returns CurrentUser(user=User(id=1, email=user@example.org, googleSub=fake_user, pictureUrl=https://example.org/user.jpg, fullName=Fake user, givenName=Fake, familyName=user, emailVerified=true, locale=, hostedDomain=example.org, admin=false), roles=[ROLE_USER])
2024-01-19 12:47:38.360  INFO 1644 --- [           main] e.u.c.e.t.MockCurrentUserServiceImpl     : principal instance of org.springframework.security.core.userdetails.User
2024-01-19 12:47:38.360  INFO 1644 --- [           main] e.u.c.e.t.MockCurrentUserServiceImpl     : ************** ALERT **********************
2024-01-19 12:47:38.360  INFO 1644 --- [           main] e.u.c.e.t.MockCurrentUserServiceImpl     : ************* MOCK USER********************
2024-01-19 12:47:38.360  INFO 1644 --- [           main] e.u.c.e.t.MockCurrentUserServiceImpl     : authentication=UsernamePasswordAuthenticationToken [Principal=org.springframework.security.core.userdetails.User [Username=user, Password=[PROTECTED], Enabled=true, AccountNonExpired=true, credentialsNonExpired=true, AccountNonLocked=true, Granted Authorities=[ROLE_USER]], Credentials=[PROTECTED], Authenticated=true, Details=null, Granted Authorities=[ROLE_USER]]
2024-01-19 12:47:38.360  INFO 1644 --- [           main] e.u.c.e.t.MockCurrentUserServiceImpl     : securityContext=SecurityContextImpl [Authentication=UsernamePasswordAuthenticationToken [Principal=org.springframework.security.core.userdetails.User [Username=user, Password=[PROTECTED], Enabled=true, AccountNonExpired=true, credentialsNonExpired=true, AccountNonLocked=true, Granted Authorities=[ROLE_USER]], Credentials=[PROTECTED], Authenticated=true, Details=null, Granted Authorities=[ROLE_USER]]]
2024-01-19 12:47:38.360  INFO 1644 --- [           main] e.u.c.e.t.MockCurrentUserServiceImpl     : principal=org.springframework.security.core.userdetails.User [Username=user, Password=[PROTECTED], Enabled=true, AccountNonExpired=true, credentialsNonExpired=true, AccountNonLocked=true, Granted Authorities=[ROLE_USER]]
2024-01-19 12:47:38.360  INFO 1644 --- [           main] e.u.c.e.t.MockCurrentUserServiceImpl     : user (spring security) =org.springframework.security.core.userdetails.User [Username=user, Password=[PROTECTED], Enabled=true, AccountNonExpired=true, credentialsNonExpired=true, AccountNonLocked=true, Granted Authorities=[ROLE_USER]]
2024-01-19 12:47:38.360  INFO 1644 --- [           main] e.u.c.e.t.MockCurrentUserServiceImpl     : u (our custom user entity)=User(id=1, email=user@example.org, googleSub=fake_user, pictureUrl=https://example.org/user.jpg, fullName=Fake user, givenName=Fake, familyName=user, emailVerified=true, locale=, hostedDomain=example.org, admin=false)
2024-01-19 12:47:38.360  INFO 1644 --- [           main] e.u.c.e.t.MockCurrentUserServiceImpl     : ************** END ALERT ******************
2024-01-19 12:47:38.360  INFO 1644 --- [           main] e.u.c.e.s.GrantedAuthoritiesService      : authorities=[ROLE_USER]
2024-01-19 12:47:38.360  INFO 1644 --- [           main] e.u.c.e.services.CurrentUserServiceImpl  : getCurrentUser returns CurrentUser(user=User(id=1, email=user@example.org, googleSub=fake_user, pictureUrl=https://example.org/user.jpg, fullName=Fake user, givenName=Fake, familyName=user, emailVerified=true, locale=, hostedDomain=example.org, admin=false), roles=[ROLE_USER])
[INFO] Tests run: 2, Failures: 0, Errors: 0, Skipped: 0, Time elapsed: 0.407 s - in edu.ucsb.cs156.example.controllers.UserInfoControllerTests
[INFO] Running edu.ucsb.cs156.example.controllers.UsersControllerTests
2024-01-19 12:47:38.365  INFO 1644 --- [           main] .b.t.a.w.s.WebMvcTestContextBootstrapper : Neither @ContextConfiguration nor @ContextHierarchy found for test class [edu.ucsb.cs156.example.controllers.UsersControllerTests], using SpringBootContextLoader
2024-01-19 12:47:38.365  INFO 1644 --- [           main] o.s.t.c.support.AbstractContextLoader    : Could not detect default resource locations for test class [edu.ucsb.cs156.example.controllers.UsersControllerTests]: no resource found for suffixes {-context.xml, Context.groovy}.
2024-01-19 12:47:38.365  INFO 1644 --- [           main] t.c.s.AnnotationConfigContextLoaderUtils : Could not detect default configuration classes for test class [edu.ucsb.cs156.example.controllers.UsersControllerTests]: UsersControllerTests does not declare any static, non-private, non-final, nested classes annotated with @Configuration.
2024-01-19 12:47:38.367  INFO 1644 --- [           main] .b.t.c.SpringBootTestContextBootstrapper : Found @SpringBootConfiguration edu.ucsb.cs156.example.ExampleApplication for test class edu.ucsb.cs156.example.controllers.UsersControllerTests
2024-01-19 12:47:38.367  INFO 1644 --- [           main] .b.t.a.w.s.WebMvcTestContextBootstrapper : Loaded default TestExecutionListener class names from location [META-INF/spring.factories]: [org.springframework.boot.test.mock.mockito.MockitoTestExecutionListener, org.springframework.boot.test.mock.mockito.ResetMocksTestExecutionListener, org.springframework.boot.test.autoconfigure.restdocs.RestDocsTestExecutionListener, org.springframework.boot.test.autoconfigure.web.client.MockRestServiceServerResetTestExecutionListener, org.springframework.boot.test.autoconfigure.web.servlet.MockMvcPrintOnlyOnFailureTestExecutionListener, org.springframework.boot.test.autoconfigure.web.servlet.WebDriverTestExecutionListener, org.springframework.boot.test.autoconfigure.webservices.client.MockWebServiceServerTestExecutionListener, org.springframework.test.context.web.ServletTestExecutionListener, org.springframework.test.context.support.DirtiesContextBeforeModesTestExecutionListener, org.springframework.test.context.event.ApplicationEventsTestExecutionListener, org.springframework.test.context.support.DependencyInjectionTestExecutionListener, org.springframework.test.context.support.DirtiesContextTestExecutionListener, org.springframework.test.context.transaction.TransactionalTestExecutionListener, org.springframework.test.context.jdbc.SqlScriptsTestExecutionListener, org.springframework.test.context.event.EventPublishingTestExecutionListener, org.springframework.security.test.context.support.WithSecurityContextTestExecutionListener, org.springframework.security.test.context.support.ReactorContextTestExecutionListener]
2024-01-19 12:47:38.367  INFO 1644 --- [           main] .b.t.a.w.s.WebMvcTestContextBootstrapper : Using TestExecutionListeners: [org.springframework.test.context.web.ServletTestExecutionListener@6a2158a2, org.springframework.test.context.support.DirtiesContextBeforeModesTestExecutionListener@702a0b7d, org.springframework.test.context.event.ApplicationEventsTestExecutionListener@147c729a, org.springframework.boot.test.mock.mockito.MockitoTestExecutionListener@31786c4c, org.springframework.boot.test.autoconfigure.SpringBootDependencyInjectionTestExecutionListener@517cd689, org.springframework.test.context.support.DirtiesContextTestExecutionListener@712d4e38, org.springframework.test.context.transaction.TransactionalTestExecutionListener@6b20a25, org.springframework.test.context.jdbc.SqlScriptsTestExecutionListener@74da1cb3, org.springframework.test.context.event.EventPublishingTestExecutionListener@43a5443f, org.springframework.security.test.context.support.WithSecurityContextTestExecutionListener@58e28efd, org.springframework.security.test.context.support.ReactorContextTestExecutionListener@4e9754e6, org.springframework.boot.test.mock.mockito.ResetMocksTestExecutionListener@6a0ce603, org.springframework.boot.test.autoconfigure.restdocs.RestDocsTestExecutionListener@361c3c1, org.springframework.boot.test.autoconfigure.web.client.MockRestServiceServerResetTestExecutionListener@4f383036, org.springframework.boot.test.autoconfigure.web.servlet.MockMvcPrintOnlyOnFailureTestExecutionListener@3bfc7d53, org.springframework.boot.test.autoconfigure.web.servlet.WebDriverTestExecutionListener@364db8d1, org.springframework.boot.test.autoconfigure.webservices.client.MockWebServiceServerTestExecutionListener@3b3f1a12]

  .   ____          _            __ _ _
 /\\ / ___'_ __ _ _(_)_ __  __ _ \ \ \ \
( ( )\___ | '_ | '_| | '_ \/ _` | \ \ \ \
 \\/  ___)| |_)| | | | | || (_| |  ) ) ) )
  '  |____| .__|_| |_|_| |_\__, | / / / /
 =========|_|==============|___/=/_/_/_/
 :: Spring Boot ::                (v2.6.3)

2024-01-19 12:47:38.381  INFO 1644 --- [           main] m.p.springdotenv.DotenvPropertySource    : Initializing Dotenv with DotenvConfig{directory=null, filename=null, ignoreIfMalformed=false, ignoreIfMissing=true, systemProperties=false}
2024-01-19 12:47:38.382  INFO 1644 --- [           main] e.u.c.e.c.UsersControllerTests           : Starting UsersControllerTests using Java 17.0.8 on APeng with PID 1644 (started by andre in C:\Users\andre\Downloads\research\jpa03-integration)
2024-01-19 12:47:38.382  INFO 1644 --- [           main] e.u.c.e.c.UsersControllerTests           : The following profiles are active: test
2024-01-19 12:47:38.544  INFO 1644 --- [           main] o.s.s.web.DefaultSecurityFilterChain     : Will secure Ant [pattern='/h2-console/**'] with []
2024-01-19 12:47:38.580  INFO 1644 --- [           main] o.s.s.web.DefaultSecurityFilterChain     : Will secure any request with [org.springframework.security.web.context.request.async.WebAsyncManagerIntegrationFilter@3e0032f, org.springframework.security.web.context.SecurityContextPersistenceFilter@13e4b8da, org.springframework.security.web.header.HeaderWriterFilter@14d0c3ff, org.springframework.security.web.csrf.CsrfFilter@26443cdf, org.springframework.security.web.authentication.logout.LogoutFilter@4241aecb, org.springframework.security.oauth2.client.web.OAuth2AuthorizationRequestRedirectFilter@5bf3a6ac, org.springframework.security.oauth2.client.web.OAuth2LoginAuthenticationFilter@5c333991, org.springframework.security.web.savedrequest.RequestCacheAwareFilter@204a0e3c, org.springframework.security.web.servletapi.SecurityContextHolderAwareRequestFilter@6f2530db, org.springframework.security.web.authentication.AnonymousAuthenticationFilter@55343a34, org.springframework.security.web.session.SessionManagementFilter@1441dc49, org.springframework.security.web.access.ExceptionTranslationFilter@3610b1b3, org.springframework.security.web.access.intercept.FilterSecurityInterceptor@30dccbcc]
2024-01-19 12:47:38.691  WARN 1644 --- [           main] o.s.b.a.f.FreeMarkerAutoConfiguration    : Cannot find template location(s): [classpath:/templates/] (please add some templates, check your FreeMarker configuration, or set spring.freemarker.checkTemplateLocation=false)
2024-01-19 12:47:38.704  INFO 1644 --- [           main] o.s.b.t.m.w.SpringBootMockServletContext : Initializing Spring TestDispatcherServlet ''
2024-01-19 12:47:38.704  INFO 1644 --- [           main] o.s.t.web.servlet.TestDispatcherServlet  : Initializing Servlet ''
2024-01-19 12:47:38.704  INFO 1644 --- [           main] o.s.t.web.servlet.TestDispatcherServlet  : Completed initialization in 0 ms
2024-01-19 12:47:38.713  INFO 1644 --- [           main] e.u.c.e.c.UsersControllerTests           : Started UsersControllerTests in 0.344 seconds (JVM running for 8.028)
2024-01-19 12:47:38.725  INFO 1644 --- [           main] e.u.c.e.t.MockCurrentUserServiceImpl     : principal instance of org.springframework.security.core.userdetails.User
2024-01-19 12:47:38.725  INFO 1644 --- [           main] e.u.c.e.t.MockCurrentUserServiceImpl     : ************** ALERT **********************
2024-01-19 12:47:38.725  INFO 1644 --- [           main] e.u.c.e.t.MockCurrentUserServiceImpl     : ************* MOCK USER********************
2024-01-19 12:47:38.725  INFO 1644 --- [           main] e.u.c.e.t.MockCurrentUserServiceImpl     : authentication=UsernamePasswordAuthenticationToken [Principal=org.springframework.security.core.userdetails.User [Username=user, Password=[PROTECTED], Enabled=true, AccountNonExpired=true, credentialsNonExpired=true, AccountNonLocked=true, Granted Authorities=[ROLE_ADMIN, ROLE_USER]], Credentials=[PROTECTED], Authenticated=true, Details=null, Granted Authorities=[ROLE_ADMIN, ROLE_USER]]
2024-01-19 12:47:38.725  INFO 1644 --- [           main] e.u.c.e.t.MockCurrentUserServiceImpl     : securityContext=SecurityContextImpl [Authentication=UsernamePasswordAuthenticationToken [Principal=org.springframework.security.core.userdetails.User [Username=user, Password=[PROTECTED], Enabled=true, AccountNonExpired=true, credentialsNonExpired=true, AccountNonLocked=true, Granted Authorities=[ROLE_ADMIN, ROLE_USER]], Credentials=[PROTECTED], Authenticated=true, Details=null, Granted Authorities=[ROLE_ADMIN, ROLE_USER]]]
2024-01-19 12:47:38.725  INFO 1644 --- [           main] e.u.c.e.t.MockCurrentUserServiceImpl     : principal=org.springframework.security.core.userdetails.User [Username=user, Password=[PROTECTED], Enabled=true, AccountNonExpired=true, credentialsNonExpired=true, AccountNonLocked=true, Granted Authorities=[ROLE_ADMIN, ROLE_USER]]
2024-01-19 12:47:38.725  INFO 1644 --- [           main] e.u.c.e.t.MockCurrentUserServiceImpl     : user (spring security) =org.springframework.security.core.userdetails.User [Username=user, Password=[PROTECTED], Enabled=true, AccountNonExpired=true, credentialsNonExpired=true, AccountNonLocked=true, Granted Authorities=[ROLE_ADMIN, ROLE_USER]]
2024-01-19 12:47:38.725  INFO 1644 --- [           main] e.u.c.e.t.MockCurrentUserServiceImpl     : u (our custom user entity)=User(id=1, email=user@example.org, googleSub=fake_user, pictureUrl=https://example.org/user.jpg, fullName=Fake user, givenName=Fake, familyName=user, emailVerified=true, locale=, hostedDomain=example.org, admin=false)
2024-01-19 12:47:38.725  INFO 1644 --- [           main] e.u.c.e.t.MockCurrentUserServiceImpl     : ************** END ALERT ******************
2024-01-19 12:47:38.725  INFO 1644 --- [           main] e.u.c.e.s.GrantedAuthoritiesService      : authorities=[ROLE_ADMIN, ROLE_USER]
2024-01-19 12:47:38.725  INFO 1644 --- [           main] e.u.c.e.services.CurrentUserServiceImpl  : getCurrentUser returns CurrentUser(user=User(id=1, email=user@example.org, googleSub=fake_user, pictureUrl=https://example.org/user.jpg, fullName=Fake user, givenName=Fake, familyName=user, emailVerified=true, locale=, hostedDomain=example.org, admin=false), roles=[ROLE_ADMIN, ROLE_USER])
[INFO] Tests run: 3, Failures: 0, Errors: 0, Skipped: 0, Time elapsed: 0.368 s - in edu.ucsb.cs156.example.controllers.UsersControllerTests
[INFO] Running edu.ucsb.cs156.example.services.CurrentUserServiceTests
[INFO] Tests run: 2, Failures: 0, Errors: 0, Skipped: 0, Time elapsed: 0.007 s - in edu.ucsb.cs156.example.services.CurrentUserServiceTests
[INFO] Running edu.ucsb.cs156.example.services.GrantedAuthoritiesServiceTests
2024-01-19 12:47:38.751  INFO 1644 --- [           main] o.s.t.c.support.AbstractContextLoader    : Could not detect default resource locations for test class [edu.ucsb.cs156.example.services.GrantedAuthoritiesServiceTests]: no resource found for suffixes {-context.xml}.
2024-01-19 12:47:38.751  INFO 1644 --- [           main] t.c.s.AnnotationConfigContextLoaderUtils : Could not detect default configuration classes for test class [edu.ucsb.cs156.example.services.GrantedAuthoritiesServiceTests]: GrantedAuthoritiesServiceTests does not declare any static, non-private, non-final, nested classes annotated with @Configuration.
2024-01-19 12:47:38.752  INFO 1644 --- [           main] o.s.t.c.s.DefaultTestContextBootstrapper : Loaded default TestExecutionListener class names from location [META-INF/spring.factories]: [org.springframework.boot.test.mock.mockito.MockitoTestExecutionListener, org.springframework.boot.test.mock.mockito.ResetMocksTestExecutionListener, org.springframework.boot.test.autoconfigure.restdocs.RestDocsTestExecutionListener, org.springframework.boot.test.autoconfigure.web.client.MockRestServiceServerResetTestExecutionListener, org.springframework.boot.test.autoconfigure.web.servlet.MockMvcPrintOnlyOnFailureTestExecutionListener, org.springframework.boot.test.autoconfigure.web.servlet.WebDriverTestExecutionListener, org.springframework.boot.test.autoconfigure.webservices.client.MockWebServiceServerTestExecutionListener, org.springframework.test.context.web.ServletTestExecutionListener, org.springframework.test.context.support.DirtiesContextBeforeModesTestExecutionListener, org.springframework.test.context.event.ApplicationEventsTestExecutionListener, org.springframework.test.context.support.DependencyInjectionTestExecutionListener, org.springframework.test.context.support.DirtiesContextTestExecutionListener, org.springframework.test.context.transaction.TransactionalTestExecutionListener, org.springframework.test.context.jdbc.SqlScriptsTestExecutionListener, org.springframework.test.context.event.EventPublishingTestExecutionListener, org.springframework.security.test.context.support.WithSecurityContextTestExecutionListener, org.springframework.security.test.context.support.ReactorContextTestExecutionListener]
2024-01-19 12:47:38.752  INFO 1644 --- [           main] o.s.t.c.s.DefaultTestContextBootstrapper : Using TestExecutionListeners: [org.springframework.test.context.web.ServletTestExecutionListener@1b816091, org.springframework.test.context.support.DirtiesContextBeforeModesTestExecutionListener@364cc95, org.springframework.test.context.event.ApplicationEventsTestExecutionListener@79749108, org.springframework.boot.test.mock.mockito.MockitoTestExecutionListener@1f3d34e4, org.springframework.test.context.support.DependencyInjectionTestExecutionListener@f284a7a, org.springframework.test.context.support.DirtiesContextTestExecutionListener@2a0d2f6e, org.springframework.test.context.transaction.TransactionalTestExecutionListener@772c07f6, org.springframework.test.context.jdbc.SqlScriptsTestExecutionListener@1c097e3, org.springframework.test.context.event.EventPublishingTestExecutionListener@4cf6663b, org.springframework.security.test.context.support.WithSecurityContextTestExecutionListener@fc35694, org.springframework.security.test.context.support.ReactorContextTestExecutionListener@1847e32d, org.springframework.boot.test.mock.mockito.ResetMocksTestExecutionListener@1dbd1049, org.springframework.boot.test.autoconfigure.restdocs.RestDocsTestExecutionListener@62057a7b, org.springframework.boot.test.autoconfigure.web.client.MockRestServiceServerResetTestExecutionListener@77e7e759, org.springframework.boot.test.autoconfigure.web.servlet.MockMvcPrintOnlyOnFailureTestExecutionListener@509e3c03, org.springframework.boot.test.autoconfigure.web.servlet.WebDriverTestExecutionListener@25d45101, org.springframework.boot.test.autoconfigure.webservices.client.MockWebServiceServerTestExecutionListener@6ccb2162]
2024-01-19 12:47:38.766  INFO 1644 --- [           main] e.u.c.e.s.GrantedAuthoritiesService      : authorities=[ROLE_USER]
[INFO] Tests run: 1, Failures: 0, Errors: 0, Skipped: 0, Time elapsed: 0.021 s - in edu.ucsb.cs156.example.services.GrantedAuthoritiesServiceTests
[INFO] Running edu.ucsb.cs156.example.services.SystemInfoServiceImplTests
2024-01-19 12:47:38.767  INFO 1644 --- [           main] o.s.t.c.s.DefaultTestContextBootstrapper : Neither @ContextConfiguration nor @ContextHierarchy found for test class [edu.ucsb.cs156.example.services.SystemInfoServiceImplTests], using DelegatingSmartContextLoader
2024-01-19 12:47:38.768  INFO 1644 --- [           main] o.s.t.c.support.AbstractContextLoader    : Could not detect default resource locations for test class [edu.ucsb.cs156.example.services.SystemInfoServiceImplTests]: no resource found for suffixes {-context.xml}.
2024-01-19 12:47:38.768  INFO 1644 --- [           main] t.c.s.AnnotationConfigContextLoaderUtils : Could not detect default configuration classes for test class [edu.ucsb.cs156.example.services.SystemInfoServiceImplTests]: SystemInfoServiceImplTests does not declare any static, non-private, non-final, nested classes annotated with @Configuration.
2024-01-19 12:47:38.769  INFO 1644 --- [           main] o.s.t.c.s.DefaultTestContextBootstrapper : Loaded default TestExecutionListener class names from location [META-INF/spring.factories]: [org.springframework.boot.test.mock.mockito.MockitoTestExecutionListener, org.springframework.boot.test.mock.mockito.ResetMocksTestExecutionListener, org.springframework.boot.test.autoconfigure.restdocs.RestDocsTestExecutionListener, org.springframework.boot.test.autoconfigure.web.client.MockRestServiceServerResetTestExecutionListener, org.springframework.boot.test.autoconfigure.web.servlet.MockMvcPrintOnlyOnFailureTestExecutionListener, org.springframework.boot.test.autoconfigure.web.servlet.WebDriverTestExecutionListener, org.springframework.boot.test.autoconfigure.webservices.client.MockWebServiceServerTestExecutionListener, org.springframework.test.context.web.ServletTestExecutionListener, org.springframework.test.context.support.DirtiesContextBeforeModesTestExecutionListener, org.springframework.test.context.event.ApplicationEventsTestExecutionListener, org.springframework.test.context.support.DependencyInjectionTestExecutionListener, org.springframework.test.context.support.DirtiesContextTestExecutionListener, org.springframework.test.context.transaction.TransactionalTestExecutionListener, org.springframework.test.context.jdbc.SqlScriptsTestExecutionListener, org.springframework.test.context.event.EventPublishingTestExecutionListener, org.springframework.security.test.context.support.WithSecurityContextTestExecutionListener, org.springframework.security.test.context.support.ReactorContextTestExecutionListener]
2024-01-19 12:47:38.770  INFO 1644 --- [           main] o.s.t.c.s.DefaultTestContextBootstrapper : Using TestExecutionListeners: [org.springframework.test.context.web.ServletTestExecutionListener@47b9622, org.springframework.test.context.support.DirtiesContextBeforeModesTestExecutionListener@2dd85faa, org.springframework.test.context.event.ApplicationEventsTestExecutionListener@47312528, org.springframework.boot.test.mock.mockito.MockitoTestExecutionListener@5f3e12fc, org.springframework.test.context.support.DependencyInjectionTestExecutionListener@72c55bf, org.springframework.test.context.support.DirtiesContextTestExecutionListener@68e66fff, org.springframework.test.context.transaction.TransactionalTestExecutionListener@26b01fae, org.springframework.test.context.jdbc.SqlScriptsTestExecutionListener@9b64076, org.springframework.test.context.event.EventPublishingTestExecutionListener@6cd27d52, org.springframework.security.test.context.support.WithSecurityContextTestExecutionListener@37107ea0, org.springframework.security.test.context.support.ReactorContextTestExecutionListener@11fb5a83, org.springframework.boot.test.mock.mockito.ResetMocksTestExecutionListener@2a750d3a, org.springframework.boot.test.autoconfigure.restdocs.RestDocsTestExecutionListener@55b2cdcb, org.springframework.boot.test.autoconfigure.web.client.MockRestServiceServerResetTestExecutionListener@61e35ca3, org.springframework.boot.test.autoconfigure.web.servlet.MockMvcPrintOnlyOnFailureTestExecutionListener@2a872d5e, org.springframework.boot.test.autoconfigure.web.servlet.WebDriverTestExecutionListener@2899f9e9, org.springframework.boot.test.autoconfigure.webservices.client.MockWebServiceServerTestExecutionListener@6b86a5a4]
2024-01-19 12:47:38.781  INFO 1644 --- [           main] e.u.c.e.services.SystemInfoServiceImpl   : getSystemInfo returns SystemInfo(springH2ConsoleEnabled=true, showSwaggerUILink=true)
[INFO] Tests run: 1, Failures: 0, Errors: 0, Skipped: 0, Time elapsed: 0.01 s - in edu.ucsb.cs156.example.services.SystemInfoServiceImplTests
[INFO] 
[INFO] Results:
[INFO] 
[INFO] Tests run: 51, Failures: 0, Errors: 0, Skipped: 0
[INFO] 
[INFO] ------------------------------------------------------------------------
[INFO] BUILD SUCCESS
[INFO] ------------------------------------------------------------------------
[INFO] Total time:  12.139 s
[INFO] Finished at: 2024-01-19T12:47:39-08:00
[INFO] ------------------------------------------------------------------------
